[ 2016-06-01T01:02:02+08:00 ] 172.16.110.0 /
INFO: [ app_init ] --START--
INFO: Run Behavior\BuildLiteBehavior [ RunTime:0.000066s ]
INFO: [ app_init ] --END-- [ RunTime:0.364507s ]
INFO: [ app_begin ] --START--
INFO: Run Behavior\ReadHtmlCacheBehavior [ RunTime:0.006146s ]
INFO: [ app_begin ] --END-- [ RunTime:0.006402s ]
NOTIC: [2048] Declaration of Common\Model\PositionContentModel::find() should be compatible with Think\Model::find($options = Array) /data/webroot/Application/Common/Model/PositionContentModel.class.php 第 11 行.
SQL: SHOW COLUMNS FROM `cms_position_content` [ RunTime:0.0514s ]
NOTIC: [8] Undefined index: title /data/webroot/Application/Common/Model/PositionContentModel.class.php 第 27 行.
SQL: SELECT * FROM `cms_position_content` WHERE `status` = 1 AND `position_id` = 2 ORDER BY listorder desc,id desc LIMIT 0,10   [ RunTime:0.0028s ]
NOTIC: [8] Undefined index: title /data/webroot/Application/Common/Model/PositionContentModel.class.php 第 27 行.
SQL: SELECT * FROM `cms_position_content` WHERE `status` = 1 AND `position_id` = 3 ORDER BY listorder desc,id desc LIMIT 0,3   [ RunTime:0.0013s ]
INFO: [ view_parse ] --START--
INFO: [ template_filter ] --START--
INFO: Run Behavior\ContentReplaceBehavior [ RunTime:0.000232s ]
INFO: [ template_filter ] --END-- [ RunTime:0.000453s ]
NOTIC: [2048] Declaration of Common\Model\BasicModel::save() should be compatible with Think\Model::save($data = '', $options = Array) /data/webroot/Application/Common/Model/BasicModel.class.php 第 29 行.
NOTIC: [2048] Declaration of Common\Model\BasicModel::select() should be compatible with Think\Model::select($options = Array) /data/webroot/Application/Common/Model/BasicModel.class.php 第 29 行.
NOTIC: [2048] Declaration of Common\Model\MenuModel::find() should be compatible with Think\Model::find($options = Array) /data/webroot/Application/Common/Model/MenuModel.class.php 第 97 行.
SQL: SHOW COLUMNS FROM `cms_menu` [ RunTime:0.0533s ]
SQL: SELECT * FROM `cms_menu` WHERE `status` <> -1 AND `type` = 0 ORDER BY listorder desc,menu_id desc  [ RunTime:0.0031s ]
NOTIC: [8] Undefined index: catId /data/webroot/Application/Runtime/Cache/Home/2a94b8bda04ff446dcedd42276fc99ee.php 第 22 行.
NOTIC: [8] Undefined index: catId /data/webroot/Application/Runtime/Cache/Home/2a94b8bda04ff446dcedd42276fc99ee.php 第 23 行.
NOTIC: [8] Undefined index: catId /data/webroot/Application/Runtime/Cache/Home/2a94b8bda04ff446dcedd42276fc99ee.php 第 23 行.
NOTIC: [8] Undefined index: catId /data/webroot/Application/Runtime/Cache/Home/2a94b8bda04ff446dcedd42276fc99ee.php 第 23 行.
INFO: Run Behavior\ParseTemplateBehavior [ RunTime:0.155255s ]
INFO: [ view_parse ] --END-- [ RunTime:0.155363s ]
INFO: [ view_filter ] --START--
INFO: Run Behavior\WriteHtmlCacheBehavior [ RunTime:0.005640s ]
INFO: [ view_filter ] --END-- [ RunTime:0.005734s ]
INFO: 
INFO: 
INFO: 

[ 2016-06-01T17:34:15+08:00 ] 172.16.110.0 /
INFO: [ app_init ] --START--
INFO: Run Behavior\BuildLiteBehavior [ RunTime:0.000083s ]
INFO: [ app_init ] --END-- [ RunTime:0.005596s ]
INFO: [ app_begin ] --START--
INFO: Run Behavior\ReadHtmlCacheBehavior [ RunTime:0.007380s ]
INFO: [ app_begin ] --END-- [ RunTime:0.007669s ]
NOTIC: [2048] Declaration of Home\Controller\CommonController::error() should be compatible with Think\Controller::error($message = '', $jumpUrl = '', $ajax = false) /data/webroot/Application/Home/Controller/CommonController.class.php 第 27 行.
NOTIC: [2048] Declaration of Common\Model\NewsModel::find() should be compatible with Think\Model::find($options = Array) /data/webroot/Application/Common/Model/NewsModel.class.php 第 11 行.
SQL: SHOW COLUMNS FROM `cms_news` [ RunTime:0.0439s ]
SQL: SELECT * FROM `cms_news` WHERE `status` = 1 ORDER BY count desc,news_id desc LIMIT 10   [ RunTime:0.0109s ]
NOTIC: [2048] Declaration of Common\Model\PositionContentModel::find() should be compatible with Think\Model::find($options = Array) /data/webroot/Application/Common/Model/PositionContentModel.class.php 第 72 行.
SQL: SHOW COLUMNS FROM `cms_position_content` [ RunTime:0.0153s ]
NOTIC: [8] Undefined index: title /data/webroot/Application/Common/Model/PositionContentModel.class.php 第 27 行.
SQL: SELECT * FROM `cms_position_content` WHERE `status` = 1 AND `position_id` = 2 ORDER BY listorder desc,id desc LIMIT 0,10   [ RunTime:0.0031s ]
NOTIC: [8] Undefined index: title /data/webroot/Application/Common/Model/PositionContentModel.class.php 第 27 行.
SQL: SELECT * FROM `cms_position_content` WHERE `status` = 1 AND `position_id` = 3 ORDER BY listorder desc,id desc LIMIT 0,3   [ RunTime:0.0008s ]
NOTIC: [8] Undefined index: title /data/webroot/Application/Common/Model/PositionContentModel.class.php 第 27 行.
SQL: SELECT * FROM `cms_position_content` WHERE `status` = 1 AND `position_id` = 5 ORDER BY listorder desc,id desc LIMIT 0,2   [ RunTime:0.0007s ]
SQL: SELECT * FROM `cms_news` WHERE `status` = 1 AND `thumb` <> '' ORDER BY listorder desc,news_id desc LIMIT 0,30   [ RunTime:0.0008s ]
NOTIC: [8] Undefined variable: type /data/webroot/Application/Home/Controller/IndexController.class.php 第 27 行.
INFO: [ view_parse ] --START--
INFO: [ template_filter ] --START--
INFO: Run Behavior\ContentReplaceBehavior [ RunTime:0.000176s ]
INFO: [ template_filter ] --END-- [ RunTime:0.000351s ]
NOTIC: [2048] Declaration of Common\Model\BasicModel::save() should be compatible with Think\Model::save($data = '', $options = Array) /data/webroot/Application/Common/Model/BasicModel.class.php 第 29 行.
NOTIC: [2048] Declaration of Common\Model\BasicModel::select() should be compatible with Think\Model::select($options = Array) /data/webroot/Application/Common/Model/BasicModel.class.php 第 29 行.
NOTIC: [2048] Declaration of Common\Model\MenuModel::find() should be compatible with Think\Model::find($options = Array) /data/webroot/Application/Common/Model/MenuModel.class.php 第 97 行.
SQL: SHOW COLUMNS FROM `cms_menu` [ RunTime:0.0256s ]
SQL: SELECT * FROM `cms_menu` WHERE `status` <> -1 AND `type` = 0 ORDER BY listorder desc,menu_id desc  [ RunTime:0.0035s ]
NOTIC: [8] Undefined index: name /data/webroot/Application/Runtime/Cache/Home/2a94b8bda04ff446dcedd42276fc99ee.php 第 83 行.
NOTIC: [8] Undefined index: name /data/webroot/Application/Runtime/Cache/Home/2a94b8bda04ff446dcedd42276fc99ee.php 第 83 行.
INFO: Run Behavior\ParseTemplateBehavior [ RunTime:0.124682s ]
INFO: [ view_parse ] --END-- [ RunTime:0.124842s ]
INFO: [ view_filter ] --START--
INFO: Run Behavior\WriteHtmlCacheBehavior [ RunTime:0.005339s ]
INFO: [ view_filter ] --END-- [ RunTime:0.005429s ]
INFO: [ app_end ] --START--
INFO: Run Behavior\ShowPageTraceBehavior [ RunTime:0.005942s ]
INFO: [ app_end ] --END-- [ RunTime:0.006036s ]

[ 2016-06-01T17:34:16+08:00 ] 172.16.110.0 /index.php?c=index&a=getCount
INFO: [ app_init ] --START--
INFO: Run Behavior\BuildLiteBehavior [ RunTime:0.000040s ]
INFO: [ app_init ] --END-- [ RunTime:0.003285s ]
INFO: [ app_begin ] --START--
INFO: Run Behavior\ReadHtmlCacheBehavior [ RunTime:0.004422s ]
INFO: [ app_begin ] --END-- [ RunTime:0.004666s ]
NOTIC: [2048] Declaration of Home\Controller\CommonController::error() should be compatible with Think\Controller::error($message = '', $jumpUrl = '', $ajax = false) /data/webroot/Application/Home/Controller/CommonController.class.php 第 27 行.
NOTIC: [2048] Declaration of Common\Model\NewsModel::find() should be compatible with Think\Model::find($options = Array) /data/webroot/Application/Common/Model/NewsModel.class.php 第 11 行.
SQL: SHOW COLUMNS FROM `cms_news` [ RunTime:0.0078s ]
SQL: SELECT * FROM `cms_news` WHERE `news_id` IN ('21','22','23','25','24')  [ RunTime:0.0012s ]

[ 2016-06-01T17:34:28+08:00 ] 172.16.110.0 /index.php?c=detail&id=21
INFO: [ app_init ] --START--
INFO: Run Behavior\BuildLiteBehavior [ RunTime:0.000076s ]
INFO: [ app_init ] --END-- [ RunTime:0.002335s ]
INFO: [ app_begin ] --START--
INFO: Run Behavior\ReadHtmlCacheBehavior [ RunTime:0.003561s ]
INFO: [ app_begin ] --END-- [ RunTime:0.003677s ]
NOTIC: [2048] Declaration of Home\Controller\CommonController::error() should be compatible with Think\Controller::error($message = '', $jumpUrl = '', $ajax = false) /data/webroot/Application/Home/Controller/CommonController.class.php 第 27 行.
NOTIC: [2048] Declaration of Common\Model\NewsModel::find() should be compatible with Think\Model::find($options = Array) /data/webroot/Application/Common/Model/NewsModel.class.php 第 11 行.
SQL: SHOW COLUMNS FROM `cms_news` [ RunTime:0.0071s ]
SQL: SELECT * FROM `cms_news` WHERE ( news_id=21 ) LIMIT 1   [ RunTime:0.0005s ]
SQL: UPDATE `cms_news` SET `count`='17' WHERE ( news_id=21 ) [ RunTime:0.0018s ]
NOTIC: [2048] Declaration of Common\Model\NewsContentModel::find() should be compatible with Think\Model::find($options = Array) /data/webroot/Application/Common/Model/NewsContentModel.class.php 第 47 行.
SQL: SHOW COLUMNS FROM `cms_news_content` [ RunTime:0.0222s ]
SQL: SELECT * FROM `cms_news_content` WHERE ( news_id=21 ) LIMIT 1   [ RunTime:0.0036s ]
NOTIC: [2048] Declaration of Common\Model\PositionContentModel::find() should be compatible with Think\Model::find($options = Array) /data/webroot/Application/Common/Model/PositionContentModel.class.php 第 72 行.
SQL: SHOW COLUMNS FROM `cms_position_content` [ RunTime:0.0042s ]
NOTIC: [8] Undefined index: title /data/webroot/Application/Common/Model/PositionContentModel.class.php 第 27 行.
SQL: SELECT * FROM `cms_position_content` WHERE `status` = 1 AND `position_id` = 5 ORDER BY listorder desc,id desc LIMIT 0,2   [ RunTime:0.0004s ]
SQL: SELECT * FROM `cms_news` WHERE `status` = 1 ORDER BY count desc,news_id desc LIMIT 10   [ RunTime:0.0004s ]
INFO: [ view_parse ] --START--
INFO: [ template_filter ] --START--
INFO: Run Behavior\ContentReplaceBehavior [ RunTime:0.000052s ]
INFO: [ template_filter ] --END-- [ RunTime:0.000138s ]
NOTIC: [2048] Declaration of Common\Model\BasicModel::save() should be compatible with Think\Model::save($data = '', $options = Array) /data/webroot/Application/Common/Model/BasicModel.class.php 第 29 行.
NOTIC: [2048] Declaration of Common\Model\BasicModel::select() should be compatible with Think\Model::select($options = Array) /data/webroot/Application/Common/Model/BasicModel.class.php 第 29 行.
NOTIC: [2048] Declaration of Common\Model\MenuModel::find() should be compatible with Think\Model::find($options = Array) /data/webroot/Application/Common/Model/MenuModel.class.php 第 97 行.
SQL: SHOW COLUMNS FROM `cms_menu` [ RunTime:0.0047s ]
SQL: SELECT * FROM `cms_menu` WHERE `status` <> -1 AND `type` = 0 ORDER BY listorder desc,menu_id desc  [ RunTime:0.0006s ]
NOTIC: [8] Undefined index: name /data/webroot/Application/Runtime/Cache/Home/0d75cb75cd30b13fdd4834afd69acb19.php 第 55 行.
NOTIC: [8] Undefined index: name /data/webroot/Application/Runtime/Cache/Home/0d75cb75cd30b13fdd4834afd69acb19.php 第 55 行.
INFO: Run Behavior\ParseTemplateBehavior [ RunTime:0.053027s ]
INFO: [ view_parse ] --END-- [ RunTime:0.053074s ]
INFO: [ view_filter ] --START--
INFO: Run Behavior\WriteHtmlCacheBehavior [ RunTime:0.001659s ]
INFO: [ view_filter ] --END-- [ RunTime:0.001701s ]
INFO: [ app_end ] --START--
INFO: Run Behavior\ShowPageTraceBehavior [ RunTime:0.001976s ]
INFO: [ app_end ] --END-- [ RunTime:0.002021s ]

[ 2016-06-01T17:34:33+08:00 ] 172.16.110.0 /
INFO: [ app_init ] --START--
INFO: Run Behavior\BuildLiteBehavior [ RunTime:0.000032s ]
INFO: [ app_init ] --END-- [ RunTime:0.002219s ]
INFO: [ app_begin ] --START--
INFO: Run Behavior\ReadHtmlCacheBehavior [ RunTime:0.003292s ]
INFO: [ app_begin ] --END-- [ RunTime:0.003505s ]
NOTIC: [2048] Declaration of Home\Controller\CommonController::error() should be compatible with Think\Controller::error($message = '', $jumpUrl = '', $ajax = false) /data/webroot/Application/Home/Controller/CommonController.class.php 第 27 行.
NOTIC: [2048] Declaration of Common\Model\NewsModel::find() should be compatible with Think\Model::find($options = Array) /data/webroot/Application/Common/Model/NewsModel.class.php 第 11 行.
SQL: SHOW COLUMNS FROM `cms_news` [ RunTime:0.0068s ]
SQL: SELECT * FROM `cms_news` WHERE `status` = 1 ORDER BY count desc,news_id desc LIMIT 10   [ RunTime:0.0011s ]
NOTIC: [2048] Declaration of Common\Model\PositionContentModel::find() should be compatible with Think\Model::find($options = Array) /data/webroot/Application/Common/Model/PositionContentModel.class.php 第 72 行.
SQL: SHOW COLUMNS FROM `cms_position_content` [ RunTime:0.0062s ]
NOTIC: [8] Undefined index: title /data/webroot/Application/Common/Model/PositionContentModel.class.php 第 27 行.
SQL: SELECT * FROM `cms_position_content` WHERE `status` = 1 AND `position_id` = 2 ORDER BY listorder desc,id desc LIMIT 0,10   [ RunTime:0.0011s ]
NOTIC: [8] Undefined index: title /data/webroot/Application/Common/Model/PositionContentModel.class.php 第 27 行.
SQL: SELECT * FROM `cms_position_content` WHERE `status` = 1 AND `position_id` = 3 ORDER BY listorder desc,id desc LIMIT 0,3   [ RunTime:0.0011s ]
NOTIC: [8] Undefined index: title /data/webroot/Application/Common/Model/PositionContentModel.class.php 第 27 行.
SQL: SELECT * FROM `cms_position_content` WHERE `status` = 1 AND `position_id` = 5 ORDER BY listorder desc,id desc LIMIT 0,2   [ RunTime:0.0009s ]
SQL: SELECT * FROM `cms_news` WHERE `status` = 1 AND `thumb` <> '' ORDER BY listorder desc,news_id desc LIMIT 0,30   [ RunTime:0.0009s ]
NOTIC: [8] Undefined variable: type /data/webroot/Application/Home/Controller/IndexController.class.php 第 27 行.
INFO: [ view_parse ] --START--
INFO: [ template_filter ] --START--
INFO: Run Behavior\ContentReplaceBehavior [ RunTime:0.000165s ]
INFO: [ template_filter ] --END-- [ RunTime:0.000395s ]
NOTIC: [2048] Declaration of Common\Model\BasicModel::save() should be compatible with Think\Model::save($data = '', $options = Array) /data/webroot/Application/Common/Model/BasicModel.class.php 第 29 行.
NOTIC: [2048] Declaration of Common\Model\BasicModel::select() should be compatible with Think\Model::select($options = Array) /data/webroot/Application/Common/Model/BasicModel.class.php 第 29 行.
NOTIC: [2048] Declaration of Common\Model\MenuModel::find() should be compatible with Think\Model::find($options = Array) /data/webroot/Application/Common/Model/MenuModel.class.php 第 97 行.
SQL: SHOW COLUMNS FROM `cms_menu` [ RunTime:0.0072s ]
SQL: SELECT * FROM `cms_menu` WHERE `status` <> -1 AND `type` = 0 ORDER BY listorder desc,menu_id desc  [ RunTime:0.0011s ]
NOTIC: [8] Undefined index: name /data/webroot/Application/Runtime/Cache/Home/2a94b8bda04ff446dcedd42276fc99ee.php 第 83 行.
NOTIC: [8] Undefined index: name /data/webroot/Application/Runtime/Cache/Home/2a94b8bda04ff446dcedd42276fc99ee.php 第 83 行.
INFO: Run Behavior\ParseTemplateBehavior [ RunTime:0.085532s ]
INFO: [ view_parse ] --END-- [ RunTime:0.085680s ]
INFO: [ view_filter ] --START--
INFO: Run Behavior\WriteHtmlCacheBehavior [ RunTime:0.003518s ]
INFO: [ view_filter ] --END-- [ RunTime:0.003609s ]
INFO: [ app_end ] --START--
INFO: Run Behavior\ShowPageTraceBehavior [ RunTime:0.003861s ]
INFO: [ app_end ] --END-- [ RunTime:0.003968s ]

[ 2016-06-01T17:34:33+08:00 ] 172.16.110.0 /index.php?c=index&a=getCount
INFO: [ app_init ] --START--
INFO: Run Behavior\BuildLiteBehavior [ RunTime:0.000040s ]
INFO: [ app_init ] --END-- [ RunTime:0.002830s ]
INFO: [ app_begin ] --START--
INFO: Run Behavior\ReadHtmlCacheBehavior [ RunTime:0.003676s ]
INFO: [ app_begin ] --END-- [ RunTime:0.003858s ]
NOTIC: [2048] Declaration of Home\Controller\CommonController::error() should be compatible with Think\Controller::error($message = '', $jumpUrl = '', $ajax = false) /data/webroot/Application/Home/Controller/CommonController.class.php 第 27 行.
NOTIC: [2048] Declaration of Common\Model\NewsModel::find() should be compatible with Think\Model::find($options = Array) /data/webroot/Application/Common/Model/NewsModel.class.php 第 11 行.
SQL: SHOW COLUMNS FROM `cms_news` [ RunTime:0.0077s ]
SQL: SELECT * FROM `cms_news` WHERE `news_id` IN ('21','22','23','25','24')  [ RunTime:0.0010s ]

[ 2016-06-01T17:34:37+08:00 ] 172.16.110.0 /index.php?c=cat&id=12
INFO: [ app_init ] --START--
INFO: Run Behavior\BuildLiteBehavior [ RunTime:0.000040s ]
INFO: [ app_init ] --END-- [ RunTime:0.002310s ]
INFO: [ app_begin ] --START--
INFO: Run Behavior\ReadHtmlCacheBehavior [ RunTime:0.003228s ]
INFO: [ app_begin ] --END-- [ RunTime:0.003339s ]
NOTIC: [2048] Declaration of Home\Controller\CommonController::error() should be compatible with Think\Controller::error($message = '', $jumpUrl = '', $ajax = false) /data/webroot/Application/Home/Controller/CommonController.class.php 第 27 行.
NOTIC: [2048] Declaration of Common\Model\MenuModel::find() should be compatible with Think\Model::find($options = Array) /data/webroot/Application/Common/Model/MenuModel.class.php 第 10 行.
SQL: SHOW COLUMNS FROM `cms_menu` [ RunTime:0.0088s ]
SQL: SELECT * FROM `cms_menu` WHERE ( menu_id=12 ) LIMIT 1   [ RunTime:0.0010s ]
NOTIC: [2048] Declaration of Common\Model\PositionContentModel::find() should be compatible with Think\Model::find($options = Array) /data/webroot/Application/Common/Model/PositionContentModel.class.php 第 72 行.
SQL: SHOW COLUMNS FROM `cms_position_content` [ RunTime:0.0066s ]
NOTIC: [8] Undefined index: title /data/webroot/Application/Common/Model/PositionContentModel.class.php 第 27 行.
SQL: SELECT * FROM `cms_position_content` WHERE `status` = 1 AND `position_id` = 5 ORDER BY listorder desc,id desc LIMIT 0,2   [ RunTime:0.0012s ]
NOTIC: [2048] Declaration of Common\Model\NewsModel::find() should be compatible with Think\Model::find($options = Array) /data/webroot/Application/Common/Model/NewsModel.class.php 第 119 行.
SQL: SHOW COLUMNS FROM `cms_news` [ RunTime:0.0072s ]
SQL: SELECT * FROM `cms_news` WHERE `status` = 1 ORDER BY count desc,news_id desc LIMIT 10   [ RunTime:0.0010s ]
NOTIC: [8] Undefined index: p /data/webroot/Application/Home/Controller/CatController.class.php 第 24 行.
SQL: SELECT * FROM `cms_news` WHERE `status` <> -1 AND `thumb` <> '' AND `catid` = 12 ORDER BY listorder desc,news_id desc LIMIT 0,20   [ RunTime:0.0009s ]
SQL: SELECT COUNT(*) AS tp_count FROM `cms_news` WHERE `status` <> -1 AND `thumb` <> '' AND `catid` = 12 LIMIT 1   [ RunTime:0.0006s ]
INFO: [ view_parse ] --START--
NOTIC: [2] file_get_contents(./Application/Home/View/Index/footer.html): failed to open stream: No such file or directory /data/webroot/ThinkPHP/Library/Think/Template.class.php 第 696 行.
INFO: [ template_filter ] --START--
INFO: Run Behavior\ContentReplaceBehavior [ RunTime:0.000088s ]
INFO: [ template_filter ] --END-- [ RunTime:0.000200s ]
NOTIC: [2048] Declaration of Common\Model\BasicModel::save() should be compatible with Think\Model::save($data = '', $options = Array) /data/webroot/Application/Common/Model/BasicModel.class.php 第 29 行.
NOTIC: [2048] Declaration of Common\Model\BasicModel::select() should be compatible with Think\Model::select($options = Array) /data/webroot/Application/Common/Model/BasicModel.class.php 第 29 行.
SQL: SELECT * FROM `cms_menu` WHERE `status` <> -1 AND `type` = 0 ORDER BY listorder desc,menu_id desc  [ RunTime:0.0018s ]
NOTIC: [8] Undefined index: name /data/webroot/Application/Runtime/Cache/Home/14fcc139096cfd1d2075eb8db7e60b1e.php 第 65 行.
NOTIC: [8] Undefined index: name /data/webroot/Application/Runtime/Cache/Home/14fcc139096cfd1d2075eb8db7e60b1e.php 第 65 行.
INFO: Run Behavior\ParseTemplateBehavior [ RunTime:0.873389s ]
INFO: [ view_parse ] --END-- [ RunTime:0.873489s ]
INFO: [ view_filter ] --START--
INFO: Run Behavior\WriteHtmlCacheBehavior [ RunTime:0.004608s ]
INFO: [ view_filter ] --END-- [ RunTime:0.004815s ]
INFO: [ app_end ] --START--
INFO: Run Behavior\ShowPageTraceBehavior [ RunTime:0.003277s ]
INFO: [ app_end ] --END-- [ RunTime:0.003376s ]

[ 2016-06-01T17:34:41+08:00 ] 172.16.110.0 /index.php?c=cat&id=3
INFO: [ app_init ] --START--
INFO: Run Behavior\BuildLiteBehavior [ RunTime:0.000034s ]
INFO: [ app_init ] --END-- [ RunTime:0.002175s ]
INFO: [ app_begin ] --START--
INFO: Run Behavior\ReadHtmlCacheBehavior [ RunTime:0.003675s ]
INFO: [ app_begin ] --END-- [ RunTime:0.003827s ]
NOTIC: [2048] Declaration of Home\Controller\CommonController::error() should be compatible with Think\Controller::error($message = '', $jumpUrl = '', $ajax = false) /data/webroot/Application/Home/Controller/CommonController.class.php 第 27 行.
NOTIC: [2048] Declaration of Common\Model\MenuModel::find() should be compatible with Think\Model::find($options = Array) /data/webroot/Application/Common/Model/MenuModel.class.php 第 10 行.
SQL: SHOW COLUMNS FROM `cms_menu` [ RunTime:0.0073s ]
SQL: SELECT * FROM `cms_menu` WHERE ( menu_id=3 ) LIMIT 1   [ RunTime:0.0007s ]
NOTIC: [2048] Declaration of Common\Model\PositionContentModel::find() should be compatible with Think\Model::find($options = Array) /data/webroot/Application/Common/Model/PositionContentModel.class.php 第 72 行.
SQL: SHOW COLUMNS FROM `cms_position_content` [ RunTime:0.0072s ]
NOTIC: [8] Undefined index: title /data/webroot/Application/Common/Model/PositionContentModel.class.php 第 27 行.
SQL: SELECT * FROM `cms_position_content` WHERE `status` = 1 AND `position_id` = 5 ORDER BY listorder desc,id desc LIMIT 0,2   [ RunTime:0.0008s ]
NOTIC: [2048] Declaration of Common\Model\NewsModel::find() should be compatible with Think\Model::find($options = Array) /data/webroot/Application/Common/Model/NewsModel.class.php 第 119 行.
SQL: SHOW COLUMNS FROM `cms_news` [ RunTime:0.0068s ]
SQL: SELECT * FROM `cms_news` WHERE `status` = 1 ORDER BY count desc,news_id desc LIMIT 10   [ RunTime:0.0008s ]
NOTIC: [8] Undefined index: p /data/webroot/Application/Home/Controller/CatController.class.php 第 24 行.
SQL: SELECT * FROM `cms_news` WHERE `status` <> -1 AND `thumb` <> '' AND `catid` = 3 ORDER BY listorder desc,news_id desc LIMIT 0,20   [ RunTime:0.0007s ]
SQL: SELECT COUNT(*) AS tp_count FROM `cms_news` WHERE `status` <> -1 AND `thumb` <> '' AND `catid` = 3 LIMIT 1   [ RunTime:0.0006s ]
INFO: [ view_parse ] --START--
NOTIC: [2] file_get_contents(./Application/Home/View/Index/footer.html): failed to open stream: No such file or directory /data/webroot/ThinkPHP/Library/Think/Template.class.php 第 696 行.
INFO: [ template_filter ] --START--
INFO: Run Behavior\ContentReplaceBehavior [ RunTime:0.000059s ]
INFO: [ template_filter ] --END-- [ RunTime:0.000127s ]
NOTIC: [2048] Declaration of Common\Model\BasicModel::save() should be compatible with Think\Model::save($data = '', $options = Array) /data/webroot/Application/Common/Model/BasicModel.class.php 第 29 行.
NOTIC: [2048] Declaration of Common\Model\BasicModel::select() should be compatible with Think\Model::select($options = Array) /data/webroot/Application/Common/Model/BasicModel.class.php 第 29 行.
SQL: SELECT * FROM `cms_menu` WHERE `status` <> -1 AND `type` = 0 ORDER BY listorder desc,menu_id desc  [ RunTime:0.0017s ]
NOTIC: [8] Undefined index: name /data/webroot/Application/Runtime/Cache/Home/14fcc139096cfd1d2075eb8db7e60b1e.php 第 65 行.
NOTIC: [8] Undefined index: name /data/webroot/Application/Runtime/Cache/Home/14fcc139096cfd1d2075eb8db7e60b1e.php 第 65 行.
INFO: Run Behavior\ParseTemplateBehavior [ RunTime:0.649742s ]
INFO: [ view_parse ] --END-- [ RunTime:0.649838s ]
INFO: [ view_filter ] --START--
INFO: Run Behavior\WriteHtmlCacheBehavior [ RunTime:0.002696s ]
INFO: [ view_filter ] --END-- [ RunTime:0.002818s ]
INFO: [ app_end ] --START--
INFO: Run Behavior\ShowPageTraceBehavior [ RunTime:0.003452s ]
INFO: [ app_end ] --END-- [ RunTime:0.003546s ]

[ 2016-06-01T17:34:44+08:00 ] 172.16.110.0 /index.php?c=cat&id=8
INFO: [ app_init ] --START--
INFO: Run Behavior\BuildLiteBehavior [ RunTime:0.000046s ]
INFO: [ app_init ] --END-- [ RunTime:0.002232s ]
INFO: [ app_begin ] --START--
INFO: Run Behavior\ReadHtmlCacheBehavior [ RunTime:0.002915s ]
INFO: [ app_begin ] --END-- [ RunTime:0.003016s ]
NOTIC: [2048] Declaration of Home\Controller\CommonController::error() should be compatible with Think\Controller::error($message = '', $jumpUrl = '', $ajax = false) /data/webroot/Application/Home/Controller/CommonController.class.php 第 27 行.
NOTIC: [2048] Declaration of Common\Model\MenuModel::find() should be compatible with Think\Model::find($options = Array) /data/webroot/Application/Common/Model/MenuModel.class.php 第 10 行.
SQL: SHOW COLUMNS FROM `cms_menu` [ RunTime:0.0068s ]
SQL: SELECT * FROM `cms_menu` WHERE ( menu_id=8 ) LIMIT 1   [ RunTime:0.0007s ]
NOTIC: [2048] Declaration of Common\Model\PositionContentModel::find() should be compatible with Think\Model::find($options = Array) /data/webroot/Application/Common/Model/PositionContentModel.class.php 第 72 行.
SQL: SHOW COLUMNS FROM `cms_position_content` [ RunTime:0.0068s ]
NOTIC: [8] Undefined index: title /data/webroot/Application/Common/Model/PositionContentModel.class.php 第 27 行.
SQL: SELECT * FROM `cms_position_content` WHERE `status` = 1 AND `position_id` = 5 ORDER BY listorder desc,id desc LIMIT 0,2   [ RunTime:0.0009s ]
NOTIC: [2048] Declaration of Common\Model\NewsModel::find() should be compatible with Think\Model::find($options = Array) /data/webroot/Application/Common/Model/NewsModel.class.php 第 119 行.
SQL: SHOW COLUMNS FROM `cms_news` [ RunTime:0.0077s ]
SQL: SELECT * FROM `cms_news` WHERE `status` = 1 ORDER BY count desc,news_id desc LIMIT 10   [ RunTime:0.0009s ]
NOTIC: [8] Undefined index: p /data/webroot/Application/Home/Controller/CatController.class.php 第 24 行.
SQL: SELECT * FROM `cms_news` WHERE `status` <> -1 AND `thumb` <> '' AND `catid` = 8 ORDER BY listorder desc,news_id desc LIMIT 0,20   [ RunTime:0.0007s ]
SQL: SELECT COUNT(*) AS tp_count FROM `cms_news` WHERE `status` <> -1 AND `thumb` <> '' AND `catid` = 8 LIMIT 1   [ RunTime:0.0006s ]
INFO: [ view_parse ] --START--
NOTIC: [2] file_get_contents(./Application/Home/View/Index/footer.html): failed to open stream: No such file or directory /data/webroot/ThinkPHP/Library/Think/Template.class.php 第 696 行.
INFO: [ template_filter ] --START--
INFO: Run Behavior\ContentReplaceBehavior [ RunTime:0.000094s ]
INFO: [ template_filter ] --END-- [ RunTime:0.000186s ]
NOTIC: [2048] Declaration of Common\Model\BasicModel::save() should be compatible with Think\Model::save($data = '', $options = Array) /data/webroot/Application/Common/Model/BasicModel.class.php 第 29 行.
NOTIC: [2048] Declaration of Common\Model\BasicModel::select() should be compatible with Think\Model::select($options = Array) /data/webroot/Application/Common/Model/BasicModel.class.php 第 29 行.
SQL: SELECT * FROM `cms_menu` WHERE `status` <> -1 AND `type` = 0 ORDER BY listorder desc,menu_id desc  [ RunTime:0.0009s ]
NOTIC: [8] Undefined index: name /data/webroot/Application/Runtime/Cache/Home/14fcc139096cfd1d2075eb8db7e60b1e.php 第 65 行.
NOTIC: [8] Undefined index: name /data/webroot/Application/Runtime/Cache/Home/14fcc139096cfd1d2075eb8db7e60b1e.php 第 65 行.
INFO: Run Behavior\ParseTemplateBehavior [ RunTime:0.062738s ]
INFO: [ view_parse ] --END-- [ RunTime:0.062837s ]
INFO: [ view_filter ] --START--
INFO: Run Behavior\WriteHtmlCacheBehavior [ RunTime:0.002842s ]
INFO: [ view_filter ] --END-- [ RunTime:0.002943s ]
INFO: [ app_end ] --START--
INFO: Run Behavior\ShowPageTraceBehavior [ RunTime:0.003435s ]
INFO: [ app_end ] --END-- [ RunTime:0.003522s ]

[ 2016-06-01T17:34:47+08:00 ] 172.16.110.0 /index.php?c=cat&id=12
INFO: [ app_init ] --START--
INFO: Run Behavior\BuildLiteBehavior [ RunTime:0.000037s ]
INFO: [ app_init ] --END-- [ RunTime:0.002072s ]
INFO: [ app_begin ] --START--
INFO: Run Behavior\ReadHtmlCacheBehavior [ RunTime:0.003345s ]
INFO: [ app_begin ] --END-- [ RunTime:0.003541s ]
NOTIC: [2048] Declaration of Home\Controller\CommonController::error() should be compatible with Think\Controller::error($message = '', $jumpUrl = '', $ajax = false) /data/webroot/Application/Home/Controller/CommonController.class.php 第 27 行.
NOTIC: [2048] Declaration of Common\Model\MenuModel::find() should be compatible with Think\Model::find($options = Array) /data/webroot/Application/Common/Model/MenuModel.class.php 第 10 行.
SQL: SHOW COLUMNS FROM `cms_menu` [ RunTime:0.0074s ]
SQL: SELECT * FROM `cms_menu` WHERE ( menu_id=12 ) LIMIT 1   [ RunTime:0.0007s ]
NOTIC: [2048] Declaration of Common\Model\PositionContentModel::find() should be compatible with Think\Model::find($options = Array) /data/webroot/Application/Common/Model/PositionContentModel.class.php 第 72 行.
SQL: SHOW COLUMNS FROM `cms_position_content` [ RunTime:0.0064s ]
NOTIC: [8] Undefined index: title /data/webroot/Application/Common/Model/PositionContentModel.class.php 第 27 行.
SQL: SELECT * FROM `cms_position_content` WHERE `status` = 1 AND `position_id` = 5 ORDER BY listorder desc,id desc LIMIT 0,2   [ RunTime:0.0012s ]
NOTIC: [2048] Declaration of Common\Model\NewsModel::find() should be compatible with Think\Model::find($options = Array) /data/webroot/Application/Common/Model/NewsModel.class.php 第 119 行.
SQL: SHOW COLUMNS FROM `cms_news` [ RunTime:0.0079s ]
SQL: SELECT * FROM `cms_news` WHERE `status` = 1 ORDER BY count desc,news_id desc LIMIT 10   [ RunTime:0.0009s ]
NOTIC: [8] Undefined index: p /data/webroot/Application/Home/Controller/CatController.class.php 第 24 行.
SQL: SELECT * FROM `cms_news` WHERE `status` <> -1 AND `thumb` <> '' AND `catid` = 12 ORDER BY listorder desc,news_id desc LIMIT 0,20   [ RunTime:0.0009s ]
SQL: SELECT COUNT(*) AS tp_count FROM `cms_news` WHERE `status` <> -1 AND `thumb` <> '' AND `catid` = 12 LIMIT 1   [ RunTime:0.0007s ]
INFO: [ view_parse ] --START--
NOTIC: [2] file_get_contents(./Application/Home/View/Index/footer.html): failed to open stream: No such file or directory /data/webroot/ThinkPHP/Library/Think/Template.class.php 第 696 行.
INFO: [ template_filter ] --START--
INFO: Run Behavior\ContentReplaceBehavior [ RunTime:0.000139s ]
INFO: [ template_filter ] --END-- [ RunTime:0.000247s ]
NOTIC: [2048] Declaration of Common\Model\BasicModel::save() should be compatible with Think\Model::save($data = '', $options = Array) /data/webroot/Application/Common/Model/BasicModel.class.php 第 29 行.
NOTIC: [2048] Declaration of Common\Model\BasicModel::select() should be compatible with Think\Model::select($options = Array) /data/webroot/Application/Common/Model/BasicModel.class.php 第 29 行.
SQL: SELECT * FROM `cms_menu` WHERE `status` <> -1 AND `type` = 0 ORDER BY listorder desc,menu_id desc  [ RunTime:0.0015s ]
NOTIC: [8] Undefined index: name /data/webroot/Application/Runtime/Cache/Home/14fcc139096cfd1d2075eb8db7e60b1e.php 第 65 行.
NOTIC: [8] Undefined index: name /data/webroot/Application/Runtime/Cache/Home/14fcc139096cfd1d2075eb8db7e60b1e.php 第 65 行.
INFO: Run Behavior\ParseTemplateBehavior [ RunTime:0.394125s ]
INFO: [ view_parse ] --END-- [ RunTime:0.394335s ]
INFO: [ view_filter ] --START--
INFO: Run Behavior\WriteHtmlCacheBehavior [ RunTime:0.003200s ]
INFO: [ view_filter ] --END-- [ RunTime:0.003346s ]
INFO: [ app_end ] --START--
INFO: Run Behavior\ShowPageTraceBehavior [ RunTime:0.003347s ]
INFO: [ app_end ] --END-- [ RunTime:0.003448s ]

[ 2016-06-01T17:34:48+08:00 ] 172.16.110.0 /index.php?c=detail&id=22
INFO: [ app_init ] --START--
INFO: Run Behavior\BuildLiteBehavior [ RunTime:0.000052s ]
INFO: [ app_init ] --END-- [ RunTime:0.002407s ]
INFO: [ app_begin ] --START--
INFO: Run Behavior\ReadHtmlCacheBehavior [ RunTime:0.003942s ]
INFO: [ app_begin ] --END-- [ RunTime:0.004062s ]
NOTIC: [2048] Declaration of Home\Controller\CommonController::error() should be compatible with Think\Controller::error($message = '', $jumpUrl = '', $ajax = false) /data/webroot/Application/Home/Controller/CommonController.class.php 第 27 行.
NOTIC: [2048] Declaration of Common\Model\NewsModel::find() should be compatible with Think\Model::find($options = Array) /data/webroot/Application/Common/Model/NewsModel.class.php 第 11 行.
SQL: SHOW COLUMNS FROM `cms_news` [ RunTime:0.0080s ]
SQL: SELECT * FROM `cms_news` WHERE ( news_id=22 ) LIMIT 1   [ RunTime:0.0007s ]
SQL: UPDATE `cms_news` SET `count`='20' WHERE ( news_id=22 ) [ RunTime:0.0074s ]
NOTIC: [2048] Declaration of Common\Model\NewsContentModel::find() should be compatible with Think\Model::find($options = Array) /data/webroot/Application/Common/Model/NewsContentModel.class.php 第 47 行.
SQL: SHOW COLUMNS FROM `cms_news_content` [ RunTime:0.0069s ]
SQL: SELECT * FROM `cms_news_content` WHERE ( news_id=22 ) LIMIT 1   [ RunTime:0.0007s ]
NOTIC: [2048] Declaration of Common\Model\PositionContentModel::find() should be compatible with Think\Model::find($options = Array) /data/webroot/Application/Common/Model/PositionContentModel.class.php 第 72 行.
SQL: SHOW COLUMNS FROM `cms_position_content` [ RunTime:0.0076s ]
NOTIC: [8] Undefined index: title /data/webroot/Application/Common/Model/PositionContentModel.class.php 第 27 行.
SQL: SELECT * FROM `cms_position_content` WHERE `status` = 1 AND `position_id` = 5 ORDER BY listorder desc,id desc LIMIT 0,2   [ RunTime:0.0013s ]
SQL: SELECT * FROM `cms_news` WHERE `status` = 1 ORDER BY count desc,news_id desc LIMIT 10   [ RunTime:0.0009s ]
INFO: [ view_parse ] --START--
INFO: [ template_filter ] --START--
INFO: Run Behavior\ContentReplaceBehavior [ RunTime:0.000093s ]
INFO: [ template_filter ] --END-- [ RunTime:0.000193s ]
NOTIC: [2048] Declaration of Common\Model\BasicModel::save() should be compatible with Think\Model::save($data = '', $options = Array) /data/webroot/Application/Common/Model/BasicModel.class.php 第 29 行.
NOTIC: [2048] Declaration of Common\Model\BasicModel::select() should be compatible with Think\Model::select($options = Array) /data/webroot/Application/Common/Model/BasicModel.class.php 第 29 行.
NOTIC: [2048] Declaration of Common\Model\MenuModel::find() should be compatible with Think\Model::find($options = Array) /data/webroot/Application/Common/Model/MenuModel.class.php 第 97 行.
SQL: SHOW COLUMNS FROM `cms_menu` [ RunTime:0.0081s ]
SQL: SELECT * FROM `cms_menu` WHERE `status` <> -1 AND `type` = 0 ORDER BY listorder desc,menu_id desc  [ RunTime:0.0011s ]
NOTIC: [8] Undefined index: name /data/webroot/Application/Runtime/Cache/Home/0d75cb75cd30b13fdd4834afd69acb19.php 第 55 行.
NOTIC: [8] Undefined index: name /data/webroot/Application/Runtime/Cache/Home/0d75cb75cd30b13fdd4834afd69acb19.php 第 55 行.
INFO: Run Behavior\ParseTemplateBehavior [ RunTime:0.072947s ]
INFO: [ view_parse ] --END-- [ RunTime:0.073090s ]
INFO: [ view_filter ] --START--
INFO: Run Behavior\WriteHtmlCacheBehavior [ RunTime:0.002902s ]
INFO: [ view_filter ] --END-- [ RunTime:0.003050s ]
INFO: [ app_end ] --START--
INFO: Run Behavior\ShowPageTraceBehavior [ RunTime:0.003310s ]
INFO: [ app_end ] --END-- [ RunTime:0.003406s ]

[ 2016-06-01T17:34:51+08:00 ] 172.16.110.0 /index.php?c=cat&id=12
INFO: [ app_init ] --START--
INFO: Run Behavior\BuildLiteBehavior [ RunTime:0.000094s ]
INFO: [ app_init ] --END-- [ RunTime:0.002812s ]
INFO: [ app_begin ] --START--
INFO: Run Behavior\ReadHtmlCacheBehavior [ RunTime:0.003261s ]
INFO: [ app_begin ] --END-- [ RunTime:0.003370s ]
NOTIC: [2048] Declaration of Home\Controller\CommonController::error() should be compatible with Think\Controller::error($message = '', $jumpUrl = '', $ajax = false) /data/webroot/Application/Home/Controller/CommonController.class.php 第 27 行.
NOTIC: [2048] Declaration of Common\Model\MenuModel::find() should be compatible with Think\Model::find($options = Array) /data/webroot/Application/Common/Model/MenuModel.class.php 第 10 行.
SQL: SHOW COLUMNS FROM `cms_menu` [ RunTime:0.0078s ]
SQL: SELECT * FROM `cms_menu` WHERE ( menu_id=12 ) LIMIT 1   [ RunTime:0.0006s ]
NOTIC: [2048] Declaration of Common\Model\PositionContentModel::find() should be compatible with Think\Model::find($options = Array) /data/webroot/Application/Common/Model/PositionContentModel.class.php 第 72 行.
SQL: SHOW COLUMNS FROM `cms_position_content` [ RunTime:0.0069s ]
NOTIC: [8] Undefined index: title /data/webroot/Application/Common/Model/PositionContentModel.class.php 第 27 行.
SQL: SELECT * FROM `cms_position_content` WHERE `status` = 1 AND `position_id` = 5 ORDER BY listorder desc,id desc LIMIT 0,2   [ RunTime:0.0011s ]
NOTIC: [2048] Declaration of Common\Model\NewsModel::find() should be compatible with Think\Model::find($options = Array) /data/webroot/Application/Common/Model/NewsModel.class.php 第 119 行.
SQL: SHOW COLUMNS FROM `cms_news` [ RunTime:0.0074s ]
SQL: SELECT * FROM `cms_news` WHERE `status` = 1 ORDER BY count desc,news_id desc LIMIT 10   [ RunTime:0.0011s ]
NOTIC: [8] Undefined index: p /data/webroot/Application/Home/Controller/CatController.class.php 第 24 行.
SQL: SELECT * FROM `cms_news` WHERE `status` <> -1 AND `thumb` <> '' AND `catid` = 12 ORDER BY listorder desc,news_id desc LIMIT 0,20   [ RunTime:0.0008s ]
SQL: SELECT COUNT(*) AS tp_count FROM `cms_news` WHERE `status` <> -1 AND `thumb` <> '' AND `catid` = 12 LIMIT 1   [ RunTime:0.0006s ]
INFO: [ view_parse ] --START--
NOTIC: [2] file_get_contents(./Application/Home/View/Index/footer.html): failed to open stream: No such file or directory /data/webroot/ThinkPHP/Library/Think/Template.class.php 第 696 行.
INFO: [ template_filter ] --START--
INFO: Run Behavior\ContentReplaceBehavior [ RunTime:0.000094s ]
INFO: [ template_filter ] --END-- [ RunTime:0.000182s ]
NOTIC: [2048] Declaration of Common\Model\BasicModel::save() should be compatible with Think\Model::save($data = '', $options = Array) /data/webroot/Application/Common/Model/BasicModel.class.php 第 29 行.
NOTIC: [2048] Declaration of Common\Model\BasicModel::select() should be compatible with Think\Model::select($options = Array) /data/webroot/Application/Common/Model/BasicModel.class.php 第 29 行.
SQL: SELECT * FROM `cms_menu` WHERE `status` <> -1 AND `type` = 0 ORDER BY listorder desc,menu_id desc  [ RunTime:0.0014s ]
NOTIC: [8] Undefined index: name /data/webroot/Application/Runtime/Cache/Home/14fcc139096cfd1d2075eb8db7e60b1e.php 第 65 行.
NOTIC: [8] Undefined index: name /data/webroot/Application/Runtime/Cache/Home/14fcc139096cfd1d2075eb8db7e60b1e.php 第 65 行.
INFO: Run Behavior\ParseTemplateBehavior [ RunTime:0.057662s ]
INFO: [ view_parse ] --END-- [ RunTime:0.057761s ]
INFO: [ view_filter ] --START--
INFO: Run Behavior\WriteHtmlCacheBehavior [ RunTime:0.003035s ]
INFO: [ view_filter ] --END-- [ RunTime:0.003160s ]
INFO: [ app_end ] --START--
INFO: Run Behavior\ShowPageTraceBehavior [ RunTime:0.004930s ]
INFO: [ app_end ] --END-- [ RunTime:0.005047s ]

[ 2016-06-01T17:34:53+08:00 ] 172.16.110.0 /index.php?c=cat&id=12
INFO: [ app_init ] --START--
INFO: Run Behavior\BuildLiteBehavior [ RunTime:0.000039s ]
INFO: [ app_init ] --END-- [ RunTime:0.002347s ]
INFO: [ app_begin ] --START--
INFO: Run Behavior\ReadHtmlCacheBehavior [ RunTime:0.003826s ]
INFO: [ app_begin ] --END-- [ RunTime:0.004002s ]
NOTIC: [2048] Declaration of Home\Controller\CommonController::error() should be compatible with Think\Controller::error($message = '', $jumpUrl = '', $ajax = false) /data/webroot/Application/Home/Controller/CommonController.class.php 第 27 行.
NOTIC: [2048] Declaration of Common\Model\MenuModel::find() should be compatible with Think\Model::find($options = Array) /data/webroot/Application/Common/Model/MenuModel.class.php 第 10 行.
SQL: SHOW COLUMNS FROM `cms_menu` [ RunTime:0.0074s ]
SQL: SELECT * FROM `cms_menu` WHERE ( menu_id=12 ) LIMIT 1   [ RunTime:0.0007s ]
NOTIC: [2048] Declaration of Common\Model\PositionContentModel::find() should be compatible with Think\Model::find($options = Array) /data/webroot/Application/Common/Model/PositionContentModel.class.php 第 72 行.
SQL: SHOW COLUMNS FROM `cms_position_content` [ RunTime:0.0067s ]
NOTIC: [8] Undefined index: title /data/webroot/Application/Common/Model/PositionContentModel.class.php 第 27 行.
SQL: SELECT * FROM `cms_position_content` WHERE `status` = 1 AND `position_id` = 5 ORDER BY listorder desc,id desc LIMIT 0,2   [ RunTime:0.0009s ]
NOTIC: [2048] Declaration of Common\Model\NewsModel::find() should be compatible with Think\Model::find($options = Array) /data/webroot/Application/Common/Model/NewsModel.class.php 第 119 行.
SQL: SHOW COLUMNS FROM `cms_news` [ RunTime:0.0073s ]
SQL: SELECT * FROM `cms_news` WHERE `status` = 1 ORDER BY count desc,news_id desc LIMIT 10   [ RunTime:0.0011s ]
NOTIC: [8] Undefined index: p /data/webroot/Application/Home/Controller/CatController.class.php 第 24 行.
SQL: SELECT * FROM `cms_news` WHERE `status` <> -1 AND `thumb` <> '' AND `catid` = 12 ORDER BY listorder desc,news_id desc LIMIT 0,20   [ RunTime:0.0008s ]
SQL: SELECT COUNT(*) AS tp_count FROM `cms_news` WHERE `status` <> -1 AND `thumb` <> '' AND `catid` = 12 LIMIT 1   [ RunTime:0.0007s ]
INFO: [ view_parse ] --START--
NOTIC: [2] file_get_contents(./Application/Home/View/Index/footer.html): failed to open stream: No such file or directory /data/webroot/ThinkPHP/Library/Think/Template.class.php 第 696 行.
INFO: [ template_filter ] --START--
INFO: Run Behavior\ContentReplaceBehavior [ RunTime:0.000150s ]
INFO: [ template_filter ] --END-- [ RunTime:0.000329s ]
NOTIC: [2048] Declaration of Common\Model\BasicModel::save() should be compatible with Think\Model::save($data = '', $options = Array) /data/webroot/Application/Common/Model/BasicModel.class.php 第 29 行.
NOTIC: [2048] Declaration of Common\Model\BasicModel::select() should be compatible with Think\Model::select($options = Array) /data/webroot/Application/Common/Model/BasicModel.class.php 第 29 行.
SQL: SELECT * FROM `cms_menu` WHERE `status` <> -1 AND `type` = 0 ORDER BY listorder desc,menu_id desc  [ RunTime:0.0015s ]
NOTIC: [8] Undefined index: name /data/webroot/Application/Runtime/Cache/Home/14fcc139096cfd1d2075eb8db7e60b1e.php 第 65 行.
NOTIC: [8] Undefined index: name /data/webroot/Application/Runtime/Cache/Home/14fcc139096cfd1d2075eb8db7e60b1e.php 第 65 行.
INFO: Run Behavior\ParseTemplateBehavior [ RunTime:0.058070s ]
INFO: [ view_parse ] --END-- [ RunTime:0.058171s ]
INFO: [ view_filter ] --START--
INFO: Run Behavior\WriteHtmlCacheBehavior [ RunTime:0.002950s ]
INFO: [ view_filter ] --END-- [ RunTime:0.003077s ]
INFO: [ app_end ] --START--
INFO: Run Behavior\ShowPageTraceBehavior [ RunTime:0.003107s ]
INFO: [ app_end ] --END-- [ RunTime:0.003252s ]

[ 2016-06-01T17:36:46+08:00 ] 172.16.110.0 /index.php?c=cat&id=8
INFO: [ app_init ] --START--
INFO: Run Behavior\BuildLiteBehavior [ RunTime:0.000043s ]
INFO: [ app_init ] --END-- [ RunTime:0.003026s ]
INFO: [ app_begin ] --START--
INFO: Run Behavior\ReadHtmlCacheBehavior [ RunTime:0.004463s ]
INFO: [ app_begin ] --END-- [ RunTime:0.004618s ]
NOTIC: [2048] Declaration of Home\Controller\CommonController::error() should be compatible with Think\Controller::error($message = '', $jumpUrl = '', $ajax = false) /data/webroot/Application/Home/Controller/CommonController.class.php 第 27 行.
NOTIC: [2048] Declaration of Common\Model\MenuModel::find() should be compatible with Think\Model::find($options = Array) /data/webroot/Application/Common/Model/MenuModel.class.php 第 10 行.
SQL: SHOW COLUMNS FROM `cms_menu` [ RunTime:0.0086s ]
SQL: SELECT * FROM `cms_menu` WHERE ( menu_id=8 ) LIMIT 1   [ RunTime:0.0008s ]
NOTIC: [2048] Declaration of Common\Model\PositionContentModel::find() should be compatible with Think\Model::find($options = Array) /data/webroot/Application/Common/Model/PositionContentModel.class.php 第 72 行.
SQL: SHOW COLUMNS FROM `cms_position_content` [ RunTime:0.0074s ]
NOTIC: [8] Undefined index: title /data/webroot/Application/Common/Model/PositionContentModel.class.php 第 27 行.
SQL: SELECT * FROM `cms_position_content` WHERE `status` = 1 AND `position_id` = 5 ORDER BY listorder desc,id desc LIMIT 0,2   [ RunTime:0.0011s ]
NOTIC: [2048] Declaration of Common\Model\NewsModel::find() should be compatible with Think\Model::find($options = Array) /data/webroot/Application/Common/Model/NewsModel.class.php 第 119 行.
SQL: SHOW COLUMNS FROM `cms_news` [ RunTime:0.0092s ]
SQL: SELECT * FROM `cms_news` WHERE `status` = 1 ORDER BY count desc,news_id desc LIMIT 10   [ RunTime:0.0011s ]
NOTIC: [8] Undefined index: p /data/webroot/Application/Home/Controller/CatController.class.php 第 24 行.
SQL: SELECT * FROM `cms_news` WHERE `status` <> -1 AND `thumb` <> '' AND `catid` = 8 ORDER BY listorder desc,news_id desc LIMIT 0,20   [ RunTime:0.0008s ]
SQL: SELECT COUNT(*) AS tp_count FROM `cms_news` WHERE `status` <> -1 AND `thumb` <> '' AND `catid` = 8 LIMIT 1   [ RunTime:0.0007s ]
INFO: [ view_parse ] --START--
NOTIC: [2] file_get_contents(./Application/Home/View/Index/footer.html): failed to open stream: No such file or directory /data/webroot/ThinkPHP/Library/Think/Template.class.php 第 696 行.
INFO: [ template_filter ] --START--
INFO: Run Behavior\ContentReplaceBehavior [ RunTime:0.000114s ]
INFO: [ template_filter ] --END-- [ RunTime:0.000296s ]
NOTIC: [2048] Declaration of Common\Model\BasicModel::save() should be compatible with Think\Model::save($data = '', $options = Array) /data/webroot/Application/Common/Model/BasicModel.class.php 第 29 行.
NOTIC: [2048] Declaration of Common\Model\BasicModel::select() should be compatible with Think\Model::select($options = Array) /data/webroot/Application/Common/Model/BasicModel.class.php 第 29 行.
SQL: SELECT * FROM `cms_menu` WHERE `status` <> -1 AND `type` = 0 ORDER BY listorder desc,menu_id desc  [ RunTime:0.0014s ]
NOTIC: [8] Undefined index: name /data/webroot/Application/Runtime/Cache/Home/14fcc139096cfd1d2075eb8db7e60b1e.php 第 65 行.
NOTIC: [8] Undefined index: name /data/webroot/Application/Runtime/Cache/Home/14fcc139096cfd1d2075eb8db7e60b1e.php 第 65 行.
INFO: Run Behavior\ParseTemplateBehavior [ RunTime:0.077555s ]
INFO: [ view_parse ] --END-- [ RunTime:0.077667s ]
INFO: [ view_filter ] --START--
INFO: Run Behavior\WriteHtmlCacheBehavior [ RunTime:0.003630s ]
INFO: [ view_filter ] --END-- [ RunTime:0.003738s ]
INFO: [ app_end ] --START--
INFO: Run Behavior\ShowPageTraceBehavior [ RunTime:0.003918s ]
INFO: [ app_end ] --END-- [ RunTime:0.004002s ]

[ 2016-06-01T17:36:46+08:00 ] 172.16.110.0 /index.php?c=index&a=getCount
INFO: [ app_init ] --START--
INFO: Run Behavior\BuildLiteBehavior [ RunTime:0.000048s ]
INFO: [ app_init ] --END-- [ RunTime:0.003639s ]
INFO: [ app_begin ] --START--
INFO: Run Behavior\ReadHtmlCacheBehavior [ RunTime:0.005383s ]
INFO: [ app_begin ] --END-- [ RunTime:0.005564s ]
NOTIC: [2048] Declaration of Home\Controller\CommonController::error() should be compatible with Think\Controller::error($message = '', $jumpUrl = '', $ajax = false) /data/webroot/Application/Home/Controller/CommonController.class.php 第 27 行.

[ 2016-06-01T17:36:47+08:00 ] 172.16.110.0 /
INFO: [ app_init ] --START--
INFO: Run Behavior\BuildLiteBehavior [ RunTime:0.000040s ]
INFO: [ app_init ] --END-- [ RunTime:0.002194s ]
INFO: [ app_begin ] --START--
INFO: Run Behavior\ReadHtmlCacheBehavior [ RunTime:0.003528s ]
INFO: [ app_begin ] --END-- [ RunTime:0.003692s ]
NOTIC: [2048] Declaration of Home\Controller\CommonController::error() should be compatible with Think\Controller::error($message = '', $jumpUrl = '', $ajax = false) /data/webroot/Application/Home/Controller/CommonController.class.php 第 27 行.
NOTIC: [2048] Declaration of Common\Model\NewsModel::find() should be compatible with Think\Model::find($options = Array) /data/webroot/Application/Common/Model/NewsModel.class.php 第 11 行.
SQL: SHOW COLUMNS FROM `cms_news` [ RunTime:0.0080s ]
SQL: SELECT * FROM `cms_news` WHERE `status` = 1 ORDER BY count desc,news_id desc LIMIT 10   [ RunTime:0.0014s ]
NOTIC: [2048] Declaration of Common\Model\PositionContentModel::find() should be compatible with Think\Model::find($options = Array) /data/webroot/Application/Common/Model/PositionContentModel.class.php 第 72 行.
SQL: SHOW COLUMNS FROM `cms_position_content` [ RunTime:0.0071s ]
NOTIC: [8] Undefined index: title /data/webroot/Application/Common/Model/PositionContentModel.class.php 第 27 行.
SQL: SELECT * FROM `cms_position_content` WHERE `status` = 1 AND `position_id` = 2 ORDER BY listorder desc,id desc LIMIT 0,10   [ RunTime:0.0010s ]
NOTIC: [8] Undefined index: title /data/webroot/Application/Common/Model/PositionContentModel.class.php 第 27 行.
SQL: SELECT * FROM `cms_position_content` WHERE `status` = 1 AND `position_id` = 3 ORDER BY listorder desc,id desc LIMIT 0,3   [ RunTime:0.0008s ]
NOTIC: [8] Undefined index: title /data/webroot/Application/Common/Model/PositionContentModel.class.php 第 27 行.
SQL: SELECT * FROM `cms_position_content` WHERE `status` = 1 AND `position_id` = 5 ORDER BY listorder desc,id desc LIMIT 0,2   [ RunTime:0.0008s ]
SQL: SELECT * FROM `cms_news` WHERE `status` = 1 AND `thumb` <> '' ORDER BY listorder desc,news_id desc LIMIT 0,30   [ RunTime:0.0007s ]
NOTIC: [8] Undefined variable: type /data/webroot/Application/Home/Controller/IndexController.class.php 第 27 行.
INFO: [ view_parse ] --START--
INFO: [ template_filter ] --START--
INFO: Run Behavior\ContentReplaceBehavior [ RunTime:0.000124s ]
INFO: [ template_filter ] --END-- [ RunTime:0.000258s ]
NOTIC: [2048] Declaration of Common\Model\BasicModel::save() should be compatible with Think\Model::save($data = '', $options = Array) /data/webroot/Application/Common/Model/BasicModel.class.php 第 29 行.
NOTIC: [2048] Declaration of Common\Model\BasicModel::select() should be compatible with Think\Model::select($options = Array) /data/webroot/Application/Common/Model/BasicModel.class.php 第 29 行.
NOTIC: [2048] Declaration of Common\Model\MenuModel::find() should be compatible with Think\Model::find($options = Array) /data/webroot/Application/Common/Model/MenuModel.class.php 第 97 行.
SQL: SHOW COLUMNS FROM `cms_menu` [ RunTime:0.0083s ]
SQL: SELECT * FROM `cms_menu` WHERE `status` <> -1 AND `type` = 0 ORDER BY listorder desc,menu_id desc  [ RunTime:0.0011s ]
NOTIC: [8] Undefined index: name /data/webroot/Application/Runtime/Cache/Home/2a94b8bda04ff446dcedd42276fc99ee.php 第 83 行.
NOTIC: [8] Undefined index: name /data/webroot/Application/Runtime/Cache/Home/2a94b8bda04ff446dcedd42276fc99ee.php 第 83 行.
INFO: Run Behavior\ParseTemplateBehavior [ RunTime:0.081152s ]
INFO: [ view_parse ] --END-- [ RunTime:0.081250s ]
INFO: [ view_filter ] --START--
INFO: Run Behavior\WriteHtmlCacheBehavior [ RunTime:0.002602s ]
INFO: [ view_filter ] --END-- [ RunTime:0.002690s ]
INFO: [ app_end ] --START--
INFO: Run Behavior\ShowPageTraceBehavior [ RunTime:0.003531s ]
INFO: [ app_end ] --END-- [ RunTime:0.003634s ]

[ 2016-06-01T17:36:48+08:00 ] 172.16.110.0 /index.php?c=index&a=getCount
INFO: [ app_init ] --START--
INFO: Run Behavior\BuildLiteBehavior [ RunTime:0.000055s ]
INFO: [ app_init ] --END-- [ RunTime:0.002436s ]
INFO: [ app_begin ] --START--
INFO: Run Behavior\ReadHtmlCacheBehavior [ RunTime:0.003638s ]
INFO: [ app_begin ] --END-- [ RunTime:0.003815s ]
NOTIC: [2048] Declaration of Home\Controller\CommonController::error() should be compatible with Think\Controller::error($message = '', $jumpUrl = '', $ajax = false) /data/webroot/Application/Home/Controller/CommonController.class.php 第 27 行.
NOTIC: [2048] Declaration of Common\Model\NewsModel::find() should be compatible with Think\Model::find($options = Array) /data/webroot/Application/Common/Model/NewsModel.class.php 第 11 行.
SQL: SHOW COLUMNS FROM `cms_news` [ RunTime:0.0074s ]
SQL: SELECT * FROM `cms_news` WHERE `news_id` IN ('21','22','23','25','24')  [ RunTime:0.0011s ]

[ 2016-06-01T17:36:49+08:00 ] 172.16.110.0 /index.php?c=cat&id=3
INFO: [ app_init ] --START--
INFO: Run Behavior\BuildLiteBehavior [ RunTime:0.000043s ]
INFO: [ app_init ] --END-- [ RunTime:0.002360s ]
INFO: [ app_begin ] --START--
INFO: Run Behavior\ReadHtmlCacheBehavior [ RunTime:0.003292s ]
INFO: [ app_begin ] --END-- [ RunTime:0.003393s ]
NOTIC: [2048] Declaration of Home\Controller\CommonController::error() should be compatible with Think\Controller::error($message = '', $jumpUrl = '', $ajax = false) /data/webroot/Application/Home/Controller/CommonController.class.php 第 27 行.
NOTIC: [2048] Declaration of Common\Model\MenuModel::find() should be compatible with Think\Model::find($options = Array) /data/webroot/Application/Common/Model/MenuModel.class.php 第 10 行.
SQL: SHOW COLUMNS FROM `cms_menu` [ RunTime:0.0080s ]
SQL: SELECT * FROM `cms_menu` WHERE ( menu_id=3 ) LIMIT 1   [ RunTime:0.0008s ]
NOTIC: [2048] Declaration of Common\Model\PositionContentModel::find() should be compatible with Think\Model::find($options = Array) /data/webroot/Application/Common/Model/PositionContentModel.class.php 第 72 行.
SQL: SHOW COLUMNS FROM `cms_position_content` [ RunTime:0.0188s ]
NOTIC: [8] Undefined index: title /data/webroot/Application/Common/Model/PositionContentModel.class.php 第 27 行.
SQL: SELECT * FROM `cms_position_content` WHERE `status` = 1 AND `position_id` = 5 ORDER BY listorder desc,id desc LIMIT 0,2   [ RunTime:0.0015s ]
NOTIC: [2048] Declaration of Common\Model\NewsModel::find() should be compatible with Think\Model::find($options = Array) /data/webroot/Application/Common/Model/NewsModel.class.php 第 119 行.
SQL: SHOW COLUMNS FROM `cms_news` [ RunTime:0.0081s ]
SQL: SELECT * FROM `cms_news` WHERE `status` = 1 ORDER BY count desc,news_id desc LIMIT 10   [ RunTime:0.0012s ]
NOTIC: [8] Undefined index: p /data/webroot/Application/Home/Controller/CatController.class.php 第 24 行.
SQL: SELECT * FROM `cms_news` WHERE `status` <> -1 AND `thumb` <> '' AND `catid` = 3 ORDER BY listorder desc,news_id desc LIMIT 0,20   [ RunTime:0.0010s ]
SQL: SELECT COUNT(*) AS tp_count FROM `cms_news` WHERE `status` <> -1 AND `thumb` <> '' AND `catid` = 3 LIMIT 1   [ RunTime:0.0007s ]
INFO: [ view_parse ] --START--
NOTIC: [2] file_get_contents(./Application/Home/View/Index/footer.html): failed to open stream: No such file or directory /data/webroot/ThinkPHP/Library/Think/Template.class.php 第 696 行.
INFO: [ template_filter ] --START--
INFO: Run Behavior\ContentReplaceBehavior [ RunTime:0.000268s ]
INFO: [ template_filter ] --END-- [ RunTime:0.000485s ]
NOTIC: [2048] Declaration of Common\Model\BasicModel::save() should be compatible with Think\Model::save($data = '', $options = Array) /data/webroot/Application/Common/Model/BasicModel.class.php 第 29 行.
NOTIC: [2048] Declaration of Common\Model\BasicModel::select() should be compatible with Think\Model::select($options = Array) /data/webroot/Application/Common/Model/BasicModel.class.php 第 29 行.
SQL: SELECT * FROM `cms_menu` WHERE `status` <> -1 AND `type` = 0 ORDER BY listorder desc,menu_id desc  [ RunTime:0.0017s ]
NOTIC: [8] Undefined index: name /data/webroot/Application/Runtime/Cache/Home/14fcc139096cfd1d2075eb8db7e60b1e.php 第 65 行.
NOTIC: [8] Undefined index: name /data/webroot/Application/Runtime/Cache/Home/14fcc139096cfd1d2075eb8db7e60b1e.php 第 65 行.
INFO: Run Behavior\ParseTemplateBehavior [ RunTime:0.073998s ]
INFO: [ view_parse ] --END-- [ RunTime:0.074124s ]
INFO: [ view_filter ] --START--
INFO: Run Behavior\WriteHtmlCacheBehavior [ RunTime:0.003301s ]
INFO: [ view_filter ] --END-- [ RunTime:0.003395s ]
INFO: [ app_end ] --START--
INFO: Run Behavior\ShowPageTraceBehavior [ RunTime:0.004016s ]
INFO: [ app_end ] --END-- [ RunTime:0.004187s ]

[ 2016-06-01T17:36:49+08:00 ] 172.16.110.0 /index.php?c=index&a=getCount
INFO: [ app_init ] --START--
INFO: Run Behavior\BuildLiteBehavior [ RunTime:0.000043s ]
INFO: [ app_init ] --END-- [ RunTime:0.002694s ]
INFO: [ app_begin ] --START--
INFO: Run Behavior\ReadHtmlCacheBehavior [ RunTime:0.003765s ]
INFO: [ app_begin ] --END-- [ RunTime:0.003976s ]
NOTIC: [2048] Declaration of Home\Controller\CommonController::error() should be compatible with Think\Controller::error($message = '', $jumpUrl = '', $ajax = false) /data/webroot/Application/Home/Controller/CommonController.class.php 第 27 行.
NOTIC: [2048] Declaration of Common\Model\NewsModel::find() should be compatible with Think\Model::find($options = Array) /data/webroot/Application/Common/Model/NewsModel.class.php 第 11 行.
SQL: SHOW COLUMNS FROM `cms_news` [ RunTime:0.0030s ]
SQL: SELECT * FROM `cms_news` WHERE `news_id` IN ('24','21')  [ RunTime:0.0011s ]

[ 2016-06-01T17:36:50+08:00 ] 172.16.110.0 /index.php?c=cat&id=12
INFO: [ app_init ] --START--
INFO: Run Behavior\BuildLiteBehavior [ RunTime:0.000057s ]
INFO: [ app_init ] --END-- [ RunTime:0.002350s ]
INFO: [ app_begin ] --START--
INFO: Run Behavior\ReadHtmlCacheBehavior [ RunTime:0.003986s ]
INFO: [ app_begin ] --END-- [ RunTime:0.004110s ]
NOTIC: [2048] Declaration of Home\Controller\CommonController::error() should be compatible with Think\Controller::error($message = '', $jumpUrl = '', $ajax = false) /data/webroot/Application/Home/Controller/CommonController.class.php 第 27 行.
NOTIC: [2048] Declaration of Common\Model\MenuModel::find() should be compatible with Think\Model::find($options = Array) /data/webroot/Application/Common/Model/MenuModel.class.php 第 10 行.
SQL: SHOW COLUMNS FROM `cms_menu` [ RunTime:0.0075s ]
SQL: SELECT * FROM `cms_menu` WHERE ( menu_id=12 ) LIMIT 1   [ RunTime:0.0008s ]
NOTIC: [2048] Declaration of Common\Model\PositionContentModel::find() should be compatible with Think\Model::find($options = Array) /data/webroot/Application/Common/Model/PositionContentModel.class.php 第 72 行.
SQL: SHOW COLUMNS FROM `cms_position_content` [ RunTime:0.0063s ]
NOTIC: [8] Undefined index: title /data/webroot/Application/Common/Model/PositionContentModel.class.php 第 27 行.
SQL: SELECT * FROM `cms_position_content` WHERE `status` = 1 AND `position_id` = 5 ORDER BY listorder desc,id desc LIMIT 0,2   [ RunTime:0.0007s ]
NOTIC: [2048] Declaration of Common\Model\NewsModel::find() should be compatible with Think\Model::find($options = Array) /data/webroot/Application/Common/Model/NewsModel.class.php 第 119 行.
SQL: SHOW COLUMNS FROM `cms_news` [ RunTime:0.0017s ]
SQL: SELECT * FROM `cms_news` WHERE `status` = 1 ORDER BY count desc,news_id desc LIMIT 10   [ RunTime:0.0011s ]
NOTIC: [8] Undefined index: p /data/webroot/Application/Home/Controller/CatController.class.php 第 24 行.
SQL: SELECT * FROM `cms_news` WHERE `status` <> -1 AND `thumb` <> '' AND `catid` = 12 ORDER BY listorder desc,news_id desc LIMIT 0,20   [ RunTime:0.0009s ]
SQL: SELECT COUNT(*) AS tp_count FROM `cms_news` WHERE `status` <> -1 AND `thumb` <> '' AND `catid` = 12 LIMIT 1   [ RunTime:0.0007s ]
INFO: [ view_parse ] --START--
NOTIC: [2] file_get_contents(./Application/Home/View/Index/footer.html): failed to open stream: No such file or directory /data/webroot/ThinkPHP/Library/Think/Template.class.php 第 696 行.
INFO: [ template_filter ] --START--
INFO: Run Behavior\ContentReplaceBehavior [ RunTime:0.000099s ]
INFO: [ template_filter ] --END-- [ RunTime:0.000275s ]
NOTIC: [2048] Declaration of Common\Model\BasicModel::save() should be compatible with Think\Model::save($data = '', $options = Array) /data/webroot/Application/Common/Model/BasicModel.class.php 第 29 行.
NOTIC: [2048] Declaration of Common\Model\BasicModel::select() should be compatible with Think\Model::select($options = Array) /data/webroot/Application/Common/Model/BasicModel.class.php 第 29 行.
SQL: SELECT * FROM `cms_menu` WHERE `status` <> -1 AND `type` = 0 ORDER BY listorder desc,menu_id desc  [ RunTime:0.0014s ]
NOTIC: [8] Undefined index: name /data/webroot/Application/Runtime/Cache/Home/14fcc139096cfd1d2075eb8db7e60b1e.php 第 65 行.
NOTIC: [8] Undefined index: name /data/webroot/Application/Runtime/Cache/Home/14fcc139096cfd1d2075eb8db7e60b1e.php 第 65 行.
INFO: Run Behavior\ParseTemplateBehavior [ RunTime:0.109018s ]
INFO: [ view_parse ] --END-- [ RunTime:0.109106s ]
INFO: [ view_filter ] --START--
INFO: Run Behavior\WriteHtmlCacheBehavior [ RunTime:0.003184s ]
INFO: [ view_filter ] --END-- [ RunTime:0.003235s ]
INFO: [ app_end ] --START--
INFO: Run Behavior\ShowPageTraceBehavior [ RunTime:0.002923s ]
INFO: [ app_end ] --END-- [ RunTime:0.002972s ]

[ 2016-06-01T17:36:51+08:00 ] 172.16.110.0 /index.php?c=index&a=getCount
INFO: [ app_init ] --START--
INFO: Run Behavior\BuildLiteBehavior [ RunTime:0.000029s ]
INFO: [ app_init ] --END-- [ RunTime:0.002002s ]
INFO: [ app_begin ] --START--
INFO: Run Behavior\ReadHtmlCacheBehavior [ RunTime:0.002449s ]
INFO: [ app_begin ] --END-- [ RunTime:0.002561s ]
NOTIC: [2048] Declaration of Home\Controller\CommonController::error() should be compatible with Think\Controller::error($message = '', $jumpUrl = '', $ajax = false) /data/webroot/Application/Home/Controller/CommonController.class.php 第 27 行.
NOTIC: [2048] Declaration of Common\Model\NewsModel::find() should be compatible with Think\Model::find($options = Array) /data/webroot/Application/Common/Model/NewsModel.class.php 第 11 行.
SQL: SHOW COLUMNS FROM `cms_news` [ RunTime:0.0023s ]
SQL: SELECT * FROM `cms_news` WHERE `news_id` IN ('22','23','25')  [ RunTime:0.0017s ]

[ 2016-06-01T17:36:51+08:00 ] 172.16.110.0 /
INFO: [ app_init ] --START--
INFO: Run Behavior\BuildLiteBehavior [ RunTime:0.000033s ]
INFO: [ app_init ] --END-- [ RunTime:0.002229s ]
INFO: [ app_begin ] --START--
INFO: Run Behavior\ReadHtmlCacheBehavior [ RunTime:0.002904s ]
INFO: [ app_begin ] --END-- [ RunTime:0.003027s ]
NOTIC: [2048] Declaration of Home\Controller\CommonController::error() should be compatible with Think\Controller::error($message = '', $jumpUrl = '', $ajax = false) /data/webroot/Application/Home/Controller/CommonController.class.php 第 27 行.
NOTIC: [2048] Declaration of Common\Model\NewsModel::find() should be compatible with Think\Model::find($options = Array) /data/webroot/Application/Common/Model/NewsModel.class.php 第 11 行.
SQL: SHOW COLUMNS FROM `cms_news` [ RunTime:0.0029s ]
SQL: SELECT * FROM `cms_news` WHERE `status` = 1 ORDER BY count desc,news_id desc LIMIT 10   [ RunTime:0.0012s ]
NOTIC: [2048] Declaration of Common\Model\PositionContentModel::find() should be compatible with Think\Model::find($options = Array) /data/webroot/Application/Common/Model/PositionContentModel.class.php 第 72 行.
SQL: SHOW COLUMNS FROM `cms_position_content` [ RunTime:0.0017s ]
NOTIC: [8] Undefined index: title /data/webroot/Application/Common/Model/PositionContentModel.class.php 第 27 行.
SQL: SELECT * FROM `cms_position_content` WHERE `status` = 1 AND `position_id` = 2 ORDER BY listorder desc,id desc LIMIT 0,10   [ RunTime:0.0008s ]
NOTIC: [8] Undefined index: title /data/webroot/Application/Common/Model/PositionContentModel.class.php 第 27 行.
SQL: SELECT * FROM `cms_position_content` WHERE `status` = 1 AND `position_id` = 3 ORDER BY listorder desc,id desc LIMIT 0,3   [ RunTime:0.0009s ]
NOTIC: [8] Undefined index: title /data/webroot/Application/Common/Model/PositionContentModel.class.php 第 27 行.
SQL: SELECT * FROM `cms_position_content` WHERE `status` = 1 AND `position_id` = 5 ORDER BY listorder desc,id desc LIMIT 0,2   [ RunTime:0.0010s ]
SQL: SELECT * FROM `cms_news` WHERE `status` = 1 AND `thumb` <> '' ORDER BY listorder desc,news_id desc LIMIT 0,30   [ RunTime:0.0008s ]
NOTIC: [8] Undefined variable: type /data/webroot/Application/Home/Controller/IndexController.class.php 第 27 行.
INFO: [ view_parse ] --START--
INFO: [ template_filter ] --START--
INFO: Run Behavior\ContentReplaceBehavior [ RunTime:0.000117s ]
INFO: [ template_filter ] --END-- [ RunTime:0.000219s ]
NOTIC: [2048] Declaration of Common\Model\BasicModel::save() should be compatible with Think\Model::save($data = '', $options = Array) /data/webroot/Application/Common/Model/BasicModel.class.php 第 29 行.
NOTIC: [2048] Declaration of Common\Model\BasicModel::select() should be compatible with Think\Model::select($options = Array) /data/webroot/Application/Common/Model/BasicModel.class.php 第 29 行.
NOTIC: [2048] Declaration of Common\Model\MenuModel::find() should be compatible with Think\Model::find($options = Array) /data/webroot/Application/Common/Model/MenuModel.class.php 第 97 行.
SQL: SHOW COLUMNS FROM `cms_menu` [ RunTime:0.0025s ]
SQL: SELECT * FROM `cms_menu` WHERE `status` <> -1 AND `type` = 0 ORDER BY listorder desc,menu_id desc  [ RunTime:0.0015s ]
NOTIC: [8] Undefined index: name /data/webroot/Application/Runtime/Cache/Home/2a94b8bda04ff446dcedd42276fc99ee.php 第 83 行.
NOTIC: [8] Undefined index: name /data/webroot/Application/Runtime/Cache/Home/2a94b8bda04ff446dcedd42276fc99ee.php 第 83 行.
INFO: Run Behavior\ParseTemplateBehavior [ RunTime:0.065624s ]
INFO: [ view_parse ] --END-- [ RunTime:0.065760s ]
INFO: [ view_filter ] --START--
INFO: Run Behavior\WriteHtmlCacheBehavior [ RunTime:0.002791s ]
INFO: [ view_filter ] --END-- [ RunTime:0.002869s ]
INFO: [ app_end ] --START--
INFO: Run Behavior\ShowPageTraceBehavior [ RunTime:0.003536s ]
INFO: [ app_end ] --END-- [ RunTime:0.003633s ]

[ 2016-06-01T17:36:52+08:00 ] 172.16.110.0 /index.php?c=index&a=getCount
INFO: [ app_init ] --START--
INFO: Run Behavior\BuildLiteBehavior [ RunTime:0.000065s ]
INFO: [ app_init ] --END-- [ RunTime:0.002350s ]
INFO: [ app_begin ] --START--
INFO: Run Behavior\ReadHtmlCacheBehavior [ RunTime:0.003090s ]
INFO: [ app_begin ] --END-- [ RunTime:0.003189s ]
NOTIC: [2048] Declaration of Home\Controller\CommonController::error() should be compatible with Think\Controller::error($message = '', $jumpUrl = '', $ajax = false) /data/webroot/Application/Home/Controller/CommonController.class.php 第 27 行.
NOTIC: [2048] Declaration of Common\Model\NewsModel::find() should be compatible with Think\Model::find($options = Array) /data/webroot/Application/Common/Model/NewsModel.class.php 第 11 行.
SQL: SHOW COLUMNS FROM `cms_news` [ RunTime:0.0024s ]
SQL: SELECT * FROM `cms_news` WHERE `news_id` IN ('21','22','23','25','24')  [ RunTime:0.0018s ]

[ 2016-06-01T17:36:52+08:00 ] 172.16.110.0 /index.php?c=detail&id=21
INFO: [ app_init ] --START--
INFO: Run Behavior\BuildLiteBehavior [ RunTime:0.000036s ]
INFO: [ app_init ] --END-- [ RunTime:0.002031s ]
INFO: [ app_begin ] --START--
INFO: Run Behavior\ReadHtmlCacheBehavior [ RunTime:0.002962s ]
INFO: [ app_begin ] --END-- [ RunTime:0.003064s ]
NOTIC: [2048] Declaration of Home\Controller\CommonController::error() should be compatible with Think\Controller::error($message = '', $jumpUrl = '', $ajax = false) /data/webroot/Application/Home/Controller/CommonController.class.php 第 27 行.
NOTIC: [2048] Declaration of Common\Model\NewsModel::find() should be compatible with Think\Model::find($options = Array) /data/webroot/Application/Common/Model/NewsModel.class.php 第 11 行.
SQL: SHOW COLUMNS FROM `cms_news` [ RunTime:0.0025s ]
SQL: SELECT * FROM `cms_news` WHERE ( news_id=21 ) LIMIT 1   [ RunTime:0.0008s ]
SQL: UPDATE `cms_news` SET `count`='18' WHERE ( news_id=21 ) [ RunTime:0.0030s ]
NOTIC: [2048] Declaration of Common\Model\NewsContentModel::find() should be compatible with Think\Model::find($options = Array) /data/webroot/Application/Common/Model/NewsContentModel.class.php 第 47 行.
SQL: SHOW COLUMNS FROM `cms_news_content` [ RunTime:0.0063s ]
SQL: SELECT * FROM `cms_news_content` WHERE ( news_id=21 ) LIMIT 1   [ RunTime:0.0006s ]
NOTIC: [2048] Declaration of Common\Model\PositionContentModel::find() should be compatible with Think\Model::find($options = Array) /data/webroot/Application/Common/Model/PositionContentModel.class.php 第 72 行.
SQL: SHOW COLUMNS FROM `cms_position_content` [ RunTime:0.0019s ]
NOTIC: [8] Undefined index: title /data/webroot/Application/Common/Model/PositionContentModel.class.php 第 27 行.
SQL: SELECT * FROM `cms_position_content` WHERE `status` = 1 AND `position_id` = 5 ORDER BY listorder desc,id desc LIMIT 0,2   [ RunTime:0.0015s ]
SQL: SELECT * FROM `cms_news` WHERE `status` = 1 ORDER BY count desc,news_id desc LIMIT 10   [ RunTime:0.0007s ]
INFO: [ view_parse ] --START--
INFO: [ template_filter ] --START--
INFO: Run Behavior\ContentReplaceBehavior [ RunTime:0.000151s ]
INFO: [ template_filter ] --END-- [ RunTime:0.000394s ]
NOTIC: [2048] Declaration of Common\Model\BasicModel::save() should be compatible with Think\Model::save($data = '', $options = Array) /data/webroot/Application/Common/Model/BasicModel.class.php 第 29 行.
NOTIC: [2048] Declaration of Common\Model\BasicModel::select() should be compatible with Think\Model::select($options = Array) /data/webroot/Application/Common/Model/BasicModel.class.php 第 29 行.
NOTIC: [2048] Declaration of Common\Model\MenuModel::find() should be compatible with Think\Model::find($options = Array) /data/webroot/Application/Common/Model/MenuModel.class.php 第 97 行.
SQL: SHOW COLUMNS FROM `cms_menu` [ RunTime:0.0030s ]
SQL: SELECT * FROM `cms_menu` WHERE `status` <> -1 AND `type` = 0 ORDER BY listorder desc,menu_id desc  [ RunTime:0.0019s ]
NOTIC: [8] Undefined index: name /data/webroot/Application/Runtime/Cache/Home/0d75cb75cd30b13fdd4834afd69acb19.php 第 55 行.
NOTIC: [8] Undefined index: name /data/webroot/Application/Runtime/Cache/Home/0d75cb75cd30b13fdd4834afd69acb19.php 第 55 行.
INFO: Run Behavior\ParseTemplateBehavior [ RunTime:0.171191s ]
INFO: [ view_parse ] --END-- [ RunTime:0.171294s ]
INFO: [ view_filter ] --START--
INFO: Run Behavior\WriteHtmlCacheBehavior [ RunTime:0.003885s ]
INFO: [ view_filter ] --END-- [ RunTime:0.003970s ]
INFO: [ app_end ] --START--
INFO: Run Behavior\ShowPageTraceBehavior [ RunTime:0.003547s ]
INFO: [ app_end ] --END-- [ RunTime:0.003670s ]

[ 2016-06-01T17:36:54+08:00 ] 172.16.110.0 /
INFO: [ app_init ] --START--
INFO: Run Behavior\BuildLiteBehavior [ RunTime:0.000047s ]
INFO: [ app_init ] --END-- [ RunTime:0.002898s ]
INFO: [ app_begin ] --START--
INFO: Run Behavior\ReadHtmlCacheBehavior [ RunTime:0.004099s ]
INFO: [ app_begin ] --END-- [ RunTime:0.004253s ]
NOTIC: [2048] Declaration of Home\Controller\CommonController::error() should be compatible with Think\Controller::error($message = '', $jumpUrl = '', $ajax = false) /data/webroot/Application/Home/Controller/CommonController.class.php 第 27 行.
NOTIC: [2048] Declaration of Common\Model\NewsModel::find() should be compatible with Think\Model::find($options = Array) /data/webroot/Application/Common/Model/NewsModel.class.php 第 11 行.
SQL: SHOW COLUMNS FROM `cms_news` [ RunTime:0.0029s ]
SQL: SELECT * FROM `cms_news` WHERE `status` = 1 ORDER BY count desc,news_id desc LIMIT 10   [ RunTime:0.0011s ]
NOTIC: [2048] Declaration of Common\Model\PositionContentModel::find() should be compatible with Think\Model::find($options = Array) /data/webroot/Application/Common/Model/PositionContentModel.class.php 第 72 行.
SQL: SHOW COLUMNS FROM `cms_position_content` [ RunTime:0.0018s ]
NOTIC: [8] Undefined index: title /data/webroot/Application/Common/Model/PositionContentModel.class.php 第 27 行.
SQL: SELECT * FROM `cms_position_content` WHERE `status` = 1 AND `position_id` = 2 ORDER BY listorder desc,id desc LIMIT 0,10   [ RunTime:0.0013s ]
NOTIC: [8] Undefined index: title /data/webroot/Application/Common/Model/PositionContentModel.class.php 第 27 行.
SQL: SELECT * FROM `cms_position_content` WHERE `status` = 1 AND `position_id` = 3 ORDER BY listorder desc,id desc LIMIT 0,3   [ RunTime:0.0014s ]
NOTIC: [8] Undefined index: title /data/webroot/Application/Common/Model/PositionContentModel.class.php 第 27 行.
SQL: SELECT * FROM `cms_position_content` WHERE `status` = 1 AND `position_id` = 5 ORDER BY listorder desc,id desc LIMIT 0,2   [ RunTime:0.0012s ]
SQL: SELECT * FROM `cms_news` WHERE `status` = 1 AND `thumb` <> '' ORDER BY listorder desc,news_id desc LIMIT 0,30   [ RunTime:0.0007s ]
NOTIC: [8] Undefined variable: type /data/webroot/Application/Home/Controller/IndexController.class.php 第 27 行.
INFO: [ view_parse ] --START--
INFO: [ template_filter ] --START--
INFO: Run Behavior\ContentReplaceBehavior [ RunTime:0.000100s ]
INFO: [ template_filter ] --END-- [ RunTime:0.000197s ]
NOTIC: [2048] Declaration of Common\Model\BasicModel::save() should be compatible with Think\Model::save($data = '', $options = Array) /data/webroot/Application/Common/Model/BasicModel.class.php 第 29 行.
NOTIC: [2048] Declaration of Common\Model\BasicModel::select() should be compatible with Think\Model::select($options = Array) /data/webroot/Application/Common/Model/BasicModel.class.php 第 29 行.
NOTIC: [2048] Declaration of Common\Model\MenuModel::find() should be compatible with Think\Model::find($options = Array) /data/webroot/Application/Common/Model/MenuModel.class.php 第 97 行.
SQL: SHOW COLUMNS FROM `cms_menu` [ RunTime:0.0033s ]
SQL: SELECT * FROM `cms_menu` WHERE `status` <> -1 AND `type` = 0 ORDER BY listorder desc,menu_id desc  [ RunTime:0.0018s ]
NOTIC: [8] Undefined index: name /data/webroot/Application/Runtime/Cache/Home/2a94b8bda04ff446dcedd42276fc99ee.php 第 83 行.
NOTIC: [8] Undefined index: name /data/webroot/Application/Runtime/Cache/Home/2a94b8bda04ff446dcedd42276fc99ee.php 第 83 行.
INFO: Run Behavior\ParseTemplateBehavior [ RunTime:0.089767s ]
INFO: [ view_parse ] --END-- [ RunTime:0.089879s ]
INFO: [ view_filter ] --START--
INFO: Run Behavior\WriteHtmlCacheBehavior [ RunTime:0.004181s ]
INFO: [ view_filter ] --END-- [ RunTime:0.004396s ]
INFO: [ app_end ] --START--
INFO: Run Behavior\ShowPageTraceBehavior [ RunTime:0.004854s ]
INFO: [ app_end ] --END-- [ RunTime:0.004954s ]

[ 2016-06-01T17:36:55+08:00 ] 172.16.110.0 /index.php?c=index&a=getCount
INFO: [ app_init ] --START--
INFO: Run Behavior\BuildLiteBehavior [ RunTime:0.000046s ]
INFO: [ app_init ] --END-- [ RunTime:0.002577s ]
INFO: [ app_begin ] --START--
INFO: Run Behavior\ReadHtmlCacheBehavior [ RunTime:0.004261s ]
INFO: [ app_begin ] --END-- [ RunTime:0.004578s ]
NOTIC: [2048] Declaration of Home\Controller\CommonController::error() should be compatible with Think\Controller::error($message = '', $jumpUrl = '', $ajax = false) /data/webroot/Application/Home/Controller/CommonController.class.php 第 27 行.
NOTIC: [2048] Declaration of Common\Model\NewsModel::find() should be compatible with Think\Model::find($options = Array) /data/webroot/Application/Common/Model/NewsModel.class.php 第 11 行.
SQL: SHOW COLUMNS FROM `cms_news` [ RunTime:0.0040s ]
SQL: SELECT * FROM `cms_news` WHERE `news_id` IN ('21','22','23','25','24')  [ RunTime:0.0020s ]

[ 2016-06-01T21:18:59+08:00 ] 172.16.110.1 /
INFO: [ app_init ] --START--
INFO: Run Behavior\BuildLiteBehavior [ RunTime:0.000039s ]
INFO: [ app_init ] --END-- [ RunTime:0.004924s ]
INFO: [ app_begin ] --START--
INFO: Run Behavior\ReadHtmlCacheBehavior [ RunTime:0.006025s ]
INFO: [ app_begin ] --END-- [ RunTime:0.006203s ]
NOTIC: [2048] Declaration of Home\Controller\CommonController::error() should be compatible with Think\Controller::error($message = '', $jumpUrl = '', $ajax = false) /data/webroot/Application/Home/Controller/CommonController.class.php 第 27 行.
NOTIC: [2048] Declaration of Common\Model\NewsModel::find() should be compatible with Think\Model::find($options = Array) /data/webroot/Application/Common/Model/NewsModel.class.php 第 11 行.
SQL: SHOW COLUMNS FROM `cms_news` [ RunTime:0.0529s ]
SQL: SELECT * FROM `cms_news` WHERE `status` = 1 ORDER BY count desc,news_id desc LIMIT 10   [ RunTime:0.0039s ]
NOTIC: [2048] Declaration of Common\Model\PositionContentModel::find() should be compatible with Think\Model::find($options = Array) /data/webroot/Application/Common/Model/PositionContentModel.class.php 第 72 行.
SQL: SHOW COLUMNS FROM `cms_position_content` [ RunTime:0.0194s ]
NOTIC: [8] Undefined index: title /data/webroot/Application/Common/Model/PositionContentModel.class.php 第 27 行.
SQL: SELECT * FROM `cms_position_content` WHERE `status` = 1 AND `position_id` = 2 ORDER BY listorder desc,id desc LIMIT 0,10   [ RunTime:0.0023s ]
NOTIC: [8] Undefined index: title /data/webroot/Application/Common/Model/PositionContentModel.class.php 第 27 行.
SQL: SELECT * FROM `cms_position_content` WHERE `status` = 1 AND `position_id` = 3 ORDER BY listorder desc,id desc LIMIT 0,3   [ RunTime:0.0008s ]
NOTIC: [8] Undefined index: title /data/webroot/Application/Common/Model/PositionContentModel.class.php 第 27 行.
SQL: SELECT * FROM `cms_position_content` WHERE `status` = 1 AND `position_id` = 5 ORDER BY listorder desc,id desc LIMIT 0,2   [ RunTime:0.0007s ]
SQL: SELECT * FROM `cms_news` WHERE `status` = 1 AND `thumb` <> '' ORDER BY listorder desc,news_id desc LIMIT 0,30   [ RunTime:0.0010s ]
NOTIC: [8] Undefined variable: type /data/webroot/Application/Home/Controller/IndexController.class.php 第 27 行.
INFO: [ view_parse ] --START--
INFO: [ template_filter ] --START--
INFO: Run Behavior\ContentReplaceBehavior [ RunTime:0.000169s ]
INFO: [ template_filter ] --END-- [ RunTime:0.000305s ]
NOTIC: [2048] Declaration of Common\Model\BasicModel::save() should be compatible with Think\Model::save($data = '', $options = Array) /data/webroot/Application/Common/Model/BasicModel.class.php 第 29 行.
NOTIC: [2048] Declaration of Common\Model\BasicModel::select() should be compatible with Think\Model::select($options = Array) /data/webroot/Application/Common/Model/BasicModel.class.php 第 29 行.
NOTIC: [2048] Declaration of Common\Model\MenuModel::find() should be compatible with Think\Model::find($options = Array) /data/webroot/Application/Common/Model/MenuModel.class.php 第 97 行.
SQL: SHOW COLUMNS FROM `cms_menu` [ RunTime:0.0224s ]
SQL: SELECT * FROM `cms_menu` WHERE `status` <> -1 AND `type` = 0 ORDER BY listorder desc,menu_id desc  [ RunTime:0.0026s ]
NOTIC: [8] Undefined index: name /data/webroot/Application/Runtime/Cache/Home/2a94b8bda04ff446dcedd42276fc99ee.php 第 83 行.
NOTIC: [8] Undefined index: name /data/webroot/Application/Runtime/Cache/Home/2a94b8bda04ff446dcedd42276fc99ee.php 第 83 行.
INFO: Run Behavior\ParseTemplateBehavior [ RunTime:0.131808s ]
INFO: [ view_parse ] --END-- [ RunTime:0.131932s ]
INFO: [ view_filter ] --START--
INFO: Run Behavior\WriteHtmlCacheBehavior [ RunTime:0.004835s ]
INFO: [ view_filter ] --END-- [ RunTime:0.004923s ]
INFO: [ app_end ] --START--
INFO: Run Behavior\ShowPageTraceBehavior [ RunTime:0.005885s ]
INFO: [ app_end ] --END-- [ RunTime:0.005983s ]

[ 2016-06-01T21:19:00+08:00 ] 172.16.110.1 /index.php?c=index&a=getCount
INFO: [ app_init ] --START--
INFO: Run Behavior\BuildLiteBehavior [ RunTime:0.000053s ]
INFO: [ app_init ] --END-- [ RunTime:0.003107s ]
INFO: [ app_begin ] --START--
INFO: Run Behavior\ReadHtmlCacheBehavior [ RunTime:0.004020s ]
INFO: [ app_begin ] --END-- [ RunTime:0.004188s ]
NOTIC: [2048] Declaration of Home\Controller\CommonController::error() should be compatible with Think\Controller::error($message = '', $jumpUrl = '', $ajax = false) /data/webroot/Application/Home/Controller/CommonController.class.php 第 27 行.
NOTIC: [2048] Declaration of Common\Model\NewsModel::find() should be compatible with Think\Model::find($options = Array) /data/webroot/Application/Common/Model/NewsModel.class.php 第 11 行.
SQL: SHOW COLUMNS FROM `cms_news` [ RunTime:0.0064s ]
SQL: SELECT * FROM `cms_news` WHERE `news_id` IN ('21','22','23','25','24')  [ RunTime:0.0010s ]

[ 2016-06-01T21:19:21+08:00 ] 172.16.110.1 /index.php?c=detail&id=21
INFO: [ app_init ] --START--
INFO: Run Behavior\BuildLiteBehavior [ RunTime:0.000035s ]
INFO: [ app_init ] --END-- [ RunTime:0.002113s ]
INFO: [ app_begin ] --START--
INFO: Run Behavior\ReadHtmlCacheBehavior [ RunTime:0.003121s ]
INFO: [ app_begin ] --END-- [ RunTime:0.003225s ]
NOTIC: [2048] Declaration of Home\Controller\CommonController::error() should be compatible with Think\Controller::error($message = '', $jumpUrl = '', $ajax = false) /data/webroot/Application/Home/Controller/CommonController.class.php 第 27 行.
NOTIC: [2048] Declaration of Common\Model\NewsModel::find() should be compatible with Think\Model::find($options = Array) /data/webroot/Application/Common/Model/NewsModel.class.php 第 11 行.
SQL: SHOW COLUMNS FROM `cms_news` [ RunTime:0.0069s ]
SQL: SELECT * FROM `cms_news` WHERE ( news_id=21 ) LIMIT 1   [ RunTime:0.0008s ]
SQL: UPDATE `cms_news` SET `count`='19' WHERE ( news_id=21 ) [ RunTime:0.0033s ]
NOTIC: [2048] Declaration of Common\Model\NewsContentModel::find() should be compatible with Think\Model::find($options = Array) /data/webroot/Application/Common/Model/NewsContentModel.class.php 第 47 行.
SQL: SHOW COLUMNS FROM `cms_news_content` [ RunTime:0.0182s ]
SQL: SELECT * FROM `cms_news_content` WHERE ( news_id=21 ) LIMIT 1   [ RunTime:0.0020s ]
NOTIC: [2048] Declaration of Common\Model\PositionContentModel::find() should be compatible with Think\Model::find($options = Array) /data/webroot/Application/Common/Model/PositionContentModel.class.php 第 72 行.
SQL: SHOW COLUMNS FROM `cms_position_content` [ RunTime:0.0064s ]
NOTIC: [8] Undefined index: title /data/webroot/Application/Common/Model/PositionContentModel.class.php 第 27 行.
SQL: SELECT * FROM `cms_position_content` WHERE `status` = 1 AND `position_id` = 5 ORDER BY listorder desc,id desc LIMIT 0,2   [ RunTime:0.0009s ]
SQL: SELECT * FROM `cms_news` WHERE `status` = 1 ORDER BY count desc,news_id desc LIMIT 10   [ RunTime:0.0008s ]
INFO: [ view_parse ] --START--
INFO: [ template_filter ] --START--
INFO: Run Behavior\ContentReplaceBehavior [ RunTime:0.000146s ]
INFO: [ template_filter ] --END-- [ RunTime:0.000298s ]
NOTIC: [2048] Declaration of Common\Model\BasicModel::save() should be compatible with Think\Model::save($data = '', $options = Array) /data/webroot/Application/Common/Model/BasicModel.class.php 第 29 行.
NOTIC: [2048] Declaration of Common\Model\BasicModel::select() should be compatible with Think\Model::select($options = Array) /data/webroot/Application/Common/Model/BasicModel.class.php 第 29 行.
NOTIC: [2048] Declaration of Common\Model\MenuModel::find() should be compatible with Think\Model::find($options = Array) /data/webroot/Application/Common/Model/MenuModel.class.php 第 97 行.
SQL: SHOW COLUMNS FROM `cms_menu` [ RunTime:0.0072s ]
SQL: SELECT * FROM `cms_menu` WHERE `status` <> -1 AND `type` = 0 ORDER BY listorder desc,menu_id desc  [ RunTime:0.0011s ]
NOTIC: [8] Undefined index: name /data/webroot/Application/Runtime/Cache/Home/0d75cb75cd30b13fdd4834afd69acb19.php 第 55 行.
NOTIC: [8] Undefined index: name /data/webroot/Application/Runtime/Cache/Home/0d75cb75cd30b13fdd4834afd69acb19.php 第 55 行.
INFO: Run Behavior\ParseTemplateBehavior [ RunTime:0.069402s ]
INFO: [ view_parse ] --END-- [ RunTime:0.069489s ]
INFO: [ view_filter ] --START--
INFO: Run Behavior\WriteHtmlCacheBehavior [ RunTime:0.003261s ]
INFO: [ view_filter ] --END-- [ RunTime:0.003342s ]
INFO: [ app_end ] --START--
INFO: Run Behavior\ShowPageTraceBehavior [ RunTime:0.002908s ]
INFO: [ app_end ] --END-- [ RunTime:0.002999s ]

[ 2016-06-01T21:19:24+08:00 ] 172.16.110.1 /
INFO: [ app_init ] --START--
INFO: Run Behavior\BuildLiteBehavior [ RunTime:0.000043s ]
INFO: [ app_init ] --END-- [ RunTime:0.002233s ]
INFO: [ app_begin ] --START--
INFO: Run Behavior\ReadHtmlCacheBehavior [ RunTime:0.003130s ]
INFO: [ app_begin ] --END-- [ RunTime:0.003266s ]
NOTIC: [2048] Declaration of Home\Controller\CommonController::error() should be compatible with Think\Controller::error($message = '', $jumpUrl = '', $ajax = false) /data/webroot/Application/Home/Controller/CommonController.class.php 第 27 行.
NOTIC: [2048] Declaration of Common\Model\NewsModel::find() should be compatible with Think\Model::find($options = Array) /data/webroot/Application/Common/Model/NewsModel.class.php 第 11 行.
SQL: SHOW COLUMNS FROM `cms_news` [ RunTime:0.0068s ]
SQL: SELECT * FROM `cms_news` WHERE `status` = 1 ORDER BY count desc,news_id desc LIMIT 10   [ RunTime:0.0012s ]
NOTIC: [2048] Declaration of Common\Model\PositionContentModel::find() should be compatible with Think\Model::find($options = Array) /data/webroot/Application/Common/Model/PositionContentModel.class.php 第 72 行.
SQL: SHOW COLUMNS FROM `cms_position_content` [ RunTime:0.0058s ]
NOTIC: [8] Undefined index: title /data/webroot/Application/Common/Model/PositionContentModel.class.php 第 27 行.
SQL: SELECT * FROM `cms_position_content` WHERE `status` = 1 AND `position_id` = 2 ORDER BY listorder desc,id desc LIMIT 0,10   [ RunTime:0.0010s ]
NOTIC: [8] Undefined index: title /data/webroot/Application/Common/Model/PositionContentModel.class.php 第 27 行.
SQL: SELECT * FROM `cms_position_content` WHERE `status` = 1 AND `position_id` = 3 ORDER BY listorder desc,id desc LIMIT 0,3   [ RunTime:0.0008s ]
NOTIC: [8] Undefined index: title /data/webroot/Application/Common/Model/PositionContentModel.class.php 第 27 行.
SQL: SELECT * FROM `cms_position_content` WHERE `status` = 1 AND `position_id` = 5 ORDER BY listorder desc,id desc LIMIT 0,2   [ RunTime:0.0007s ]
SQL: SELECT * FROM `cms_news` WHERE `status` = 1 AND `thumb` <> '' ORDER BY listorder desc,news_id desc LIMIT 0,30   [ RunTime:0.0008s ]
NOTIC: [8] Undefined variable: type /data/webroot/Application/Home/Controller/IndexController.class.php 第 27 行.
INFO: [ view_parse ] --START--
INFO: [ template_filter ] --START--
INFO: Run Behavior\ContentReplaceBehavior [ RunTime:0.000128s ]
INFO: [ template_filter ] --END-- [ RunTime:0.000281s ]
NOTIC: [2048] Declaration of Common\Model\BasicModel::save() should be compatible with Think\Model::save($data = '', $options = Array) /data/webroot/Application/Common/Model/BasicModel.class.php 第 29 行.
NOTIC: [2048] Declaration of Common\Model\BasicModel::select() should be compatible with Think\Model::select($options = Array) /data/webroot/Application/Common/Model/BasicModel.class.php 第 29 行.
NOTIC: [2048] Declaration of Common\Model\MenuModel::find() should be compatible with Think\Model::find($options = Array) /data/webroot/Application/Common/Model/MenuModel.class.php 第 97 行.
SQL: SHOW COLUMNS FROM `cms_menu` [ RunTime:0.0067s ]
SQL: SELECT * FROM `cms_menu` WHERE `status` <> -1 AND `type` = 0 ORDER BY listorder desc,menu_id desc  [ RunTime:0.0012s ]
NOTIC: [8] Undefined index: name /data/webroot/Application/Runtime/Cache/Home/2a94b8bda04ff446dcedd42276fc99ee.php 第 83 行.
NOTIC: [8] Undefined index: name /data/webroot/Application/Runtime/Cache/Home/2a94b8bda04ff446dcedd42276fc99ee.php 第 83 行.
INFO: Run Behavior\ParseTemplateBehavior [ RunTime:0.083000s ]
INFO: [ view_parse ] --END-- [ RunTime:0.083099s ]
INFO: [ view_filter ] --START--
INFO: Run Behavior\WriteHtmlCacheBehavior [ RunTime:0.004133s ]
INFO: [ view_filter ] --END-- [ RunTime:0.004226s ]
INFO: [ app_end ] --START--
INFO: Run Behavior\ShowPageTraceBehavior [ RunTime:0.004238s ]
INFO: [ app_end ] --END-- [ RunTime:0.004360s ]

[ 2016-06-01T21:19:24+08:00 ] 172.16.110.1 /index.php?c=index&a=getCount
INFO: [ app_init ] --START--
INFO: Run Behavior\BuildLiteBehavior [ RunTime:0.000037s ]
INFO: [ app_init ] --END-- [ RunTime:0.002191s ]
INFO: [ app_begin ] --START--
INFO: Run Behavior\ReadHtmlCacheBehavior [ RunTime:0.002868s ]
INFO: [ app_begin ] --END-- [ RunTime:0.002966s ]
NOTIC: [2048] Declaration of Home\Controller\CommonController::error() should be compatible with Think\Controller::error($message = '', $jumpUrl = '', $ajax = false) /data/webroot/Application/Home/Controller/CommonController.class.php 第 27 行.
NOTIC: [2048] Declaration of Common\Model\NewsModel::find() should be compatible with Think\Model::find($options = Array) /data/webroot/Application/Common/Model/NewsModel.class.php 第 11 行.
SQL: SHOW COLUMNS FROM `cms_news` [ RunTime:0.0092s ]
SQL: SELECT * FROM `cms_news` WHERE `news_id` IN ('21','22','23','25','24')  [ RunTime:0.0009s ]

