[ 2016-05-28T01:00:09+08:00 ] 172.16.110.0 /
INFO: [ app_init ] --START--
INFO: Run Behavior\BuildLiteBehavior [ RunTime:0.000035s ]
INFO: [ app_init ] --END-- [ RunTime:0.006625s ]
INFO: [ app_begin ] --START--
INFO: Run Behavior\ReadHtmlCacheBehavior [ RunTime:0.005481s ]
INFO: [ app_begin ] --END-- [ RunTime:0.005630s ]
INFO: [ view_parse ] --START--
INFO: [ template_filter ] --START--
INFO: Run Behavior\ContentReplaceBehavior [ RunTime:0.001409s ]
INFO: [ template_filter ] --END-- [ RunTime:0.001655s ]
INFO: Run Behavior\ParseTemplateBehavior [ RunTime:0.055266s ]
INFO: [ view_parse ] --END-- [ RunTime:0.055464s ]
INFO: [ view_filter ] --START--
INFO: Run Behavior\WriteHtmlCacheBehavior [ RunTime:0.005640s ]
INFO: [ view_filter ] --END-- [ RunTime:0.005733s ]
INFO: 
INFO: 
INFO: 

[ 2016-05-28T12:00:32+08:00 ] 172.16.110.0 /
INFO: [ app_init ] --START--
INFO: Run Behavior\BuildLiteBehavior [ RunTime:0.000283s ]
INFO: [ app_init ] --END-- [ RunTime:0.018342s ]
INFO: [ app_begin ] --START--
INFO: Run Behavior\ReadHtmlCacheBehavior [ RunTime:0.007070s ]
INFO: [ app_begin ] --END-- [ RunTime:0.007271s ]
INFO: [ view_parse ] --START--
INFO: [ template_filter ] --START--
INFO: Run Behavior\ContentReplaceBehavior [ RunTime:0.000482s ]
INFO: [ template_filter ] --END-- [ RunTime:0.000744s ]
INFO: Run Behavior\ParseTemplateBehavior [ RunTime:0.056165s ]
INFO: [ view_parse ] --END-- [ RunTime:0.056424s ]
INFO: [ view_filter ] --START--
INFO: Run Behavior\WriteHtmlCacheBehavior [ RunTime:0.005688s ]
INFO: [ view_filter ] --END-- [ RunTime:0.005787s ]
INFO: 
INFO: 
INFO: 

[ 2016-05-28T14:15:50+08:00 ] 172.16.110.0 /
INFO: [ app_init ] --START--
INFO: Run Behavior\BuildLiteBehavior [ RunTime:0.000037s ]
INFO: [ app_init ] --END-- [ RunTime:0.004623s ]
INFO: [ app_begin ] --START--
INFO: Run Behavior\ReadHtmlCacheBehavior [ RunTime:0.003907s ]
INFO: [ app_begin ] --END-- [ RunTime:0.003999s ]
INFO: [ view_parse ] --START--
INFO: [ template_filter ] --START--
INFO: Run Behavior\ContentReplaceBehavior [ RunTime:0.000114s ]
INFO: [ template_filter ] --END-- [ RunTime:0.000228s ]
INFO: Run Behavior\ParseTemplateBehavior [ RunTime:0.034813s ]
INFO: [ view_parse ] --END-- [ RunTime:0.034881s ]
INFO: [ view_filter ] --START--
INFO: Run Behavior\WriteHtmlCacheBehavior [ RunTime:0.003731s ]
INFO: [ view_filter ] --END-- [ RunTime:0.003784s ]
INFO: [ app_end ] --START--
INFO: Run Behavior\ShowPageTraceBehavior [ RunTime:0.003797s ]
INFO: [ app_end ] --END-- [ RunTime:0.003881s ]

[ 2016-05-28T14:17:22+08:00 ] 172.16.110.0 /
INFO: [ app_init ] --START--
INFO: Run Behavior\BuildLiteBehavior [ RunTime:0.000133s ]
INFO: [ app_init ] --END-- [ RunTime:0.197694s ]
INFO: [ app_begin ] --START--
INFO: Run Behavior\ReadHtmlCacheBehavior [ RunTime:0.007150s ]
INFO: [ app_begin ] --END-- [ RunTime:0.007468s ]
INFO: [ view_parse ] --START--
INFO: [ template_filter ] --START--
INFO: Run Behavior\ContentReplaceBehavior [ RunTime:0.000723s ]
INFO: [ template_filter ] --END-- [ RunTime:0.001007s ]
INFO: Run Behavior\ParseTemplateBehavior [ RunTime:0.055962s ]
INFO: [ view_parse ] --END-- [ RunTime:0.056214s ]
INFO: [ view_filter ] --START--
INFO: Run Behavior\WriteHtmlCacheBehavior [ RunTime:0.004637s ]
INFO: [ view_filter ] --END-- [ RunTime:0.004731s ]
INFO: [ app_end ] --START--
INFO: Run Behavior\ShowPageTraceBehavior [ RunTime:0.006402s ]
INFO: [ app_end ] --END-- [ RunTime:0.006640s ]

[ 2016-05-28T14:17:26+08:00 ] 172.16.110.0 /
INFO: [ app_init ] --START--
INFO: Run Behavior\BuildLiteBehavior [ RunTime:0.000050s ]
INFO: [ app_init ] --END-- [ RunTime:0.003884s ]
INFO: [ app_begin ] --START--
INFO: Run Behavior\ReadHtmlCacheBehavior [ RunTime:0.004732s ]
INFO: [ app_begin ] --END-- [ RunTime:0.004912s ]
INFO: [ view_parse ] --START--
INFO: [ template_filter ] --START--
INFO: Run Behavior\ContentReplaceBehavior [ RunTime:0.000176s ]
INFO: [ template_filter ] --END-- [ RunTime:0.000523s ]
INFO: Run Behavior\ParseTemplateBehavior [ RunTime:0.951060s ]
INFO: [ view_parse ] --END-- [ RunTime:0.951248s ]
INFO: [ view_filter ] --START--
INFO: Run Behavior\WriteHtmlCacheBehavior [ RunTime:0.005105s ]
INFO: [ view_filter ] --END-- [ RunTime:0.005194s ]
INFO: [ app_end ] --START--
INFO: Run Behavior\ShowPageTraceBehavior [ RunTime:0.004873s ]
INFO: [ app_end ] --END-- [ RunTime:0.005013s ]

