[ 2016-05-25T11:01:27+08:00 ] 172.16.110.0 /
INFO: [ app_init ] --START--
INFO: Run Behavior\BuildLiteBehavior [ RunTime:0.000065s ]
INFO: [ app_init ] --END-- [ RunTime:0.007951s ]
INFO: [ app_begin ] --START--
INFO: Run Behavior\ReadHtmlCacheBehavior [ RunTime:0.040369s ]
INFO: [ app_begin ] --END-- [ RunTime:0.040604s ]
INFO: [ view_parse ] --START--
INFO: [ template_filter ] --START--
INFO: Run Behavior\ContentReplaceBehavior [ RunTime:0.000108s ]
INFO: [ template_filter ] --END-- [ RunTime:0.000310s ]
INFO: Run Behavior\ParseTemplateBehavior [ RunTime:0.074848s ]
INFO: [ view_parse ] --END-- [ RunTime:0.075110s ]
INFO: [ view_filter ] --START--
INFO: Run Behavior\WriteHtmlCacheBehavior [ RunTime:0.010516s ]
INFO: [ view_filter ] --END-- [ RunTime:0.010665s ]
INFO: [ app_end ] --START--
INFO: Run Behavior\ShowPageTraceBehavior [ RunTime:0.006569s ]
INFO: [ app_end ] --END-- [ RunTime:0.006693s ]

[ 2016-05-25T12:23:35+08:00 ] 172.16.110.0 /
INFO: [ app_init ] --START--
INFO: Run Behavior\BuildLiteBehavior [ RunTime:0.000036s ]
INFO: [ app_init ] --END-- [ RunTime:0.003724s ]
INFO: [ app_begin ] --START--
INFO: Run Behavior\ReadHtmlCacheBehavior [ RunTime:0.004978s ]
INFO: [ app_begin ] --END-- [ RunTime:0.005127s ]
INFO: [ view_parse ] --START--
INFO: [ template_filter ] --START--
INFO: Run Behavior\ContentReplaceBehavior [ RunTime:0.000114s ]
INFO: [ template_filter ] --END-- [ RunTime:0.000475s ]
INFO: Run Behavior\ParseTemplateBehavior [ RunTime:0.046902s ]
INFO: [ view_parse ] --END-- [ RunTime:0.047044s ]
INFO: [ view_filter ] --START--
INFO: Run Behavior\WriteHtmlCacheBehavior [ RunTime:0.003871s ]
INFO: [ view_filter ] --END-- [ RunTime:0.003933s ]
INFO: [ app_end ] --START--
INFO: Run Behavior\ShowPageTraceBehavior [ RunTime:0.004681s ]
INFO: [ app_end ] --END-- [ RunTime:0.004875s ]

[ 2016-05-25T12:26:00+08:00 ] 172.16.110.0 /
INFO: [ app_init ] --START--
INFO: Run Behavior\BuildLiteBehavior [ RunTime:0.000046s ]
INFO: [ app_init ] --END-- [ RunTime:0.002740s ]
INFO: [ app_begin ] --START--
INFO: Run Behavior\ReadHtmlCacheBehavior [ RunTime:0.003741s ]
INFO: [ app_begin ] --END-- [ RunTime:0.003869s ]
INFO: [ view_parse ] --START--
INFO: [ template_filter ] --START--
INFO: Run Behavior\ContentReplaceBehavior [ RunTime:0.000119s ]
INFO: [ template_filter ] --END-- [ RunTime:0.000263s ]
INFO: Run Behavior\ParseTemplateBehavior [ RunTime:0.047424s ]
INFO: [ view_parse ] --END-- [ RunTime:0.047651s ]
INFO: [ view_filter ] --START--
INFO: Run Behavior\WriteHtmlCacheBehavior [ RunTime:0.004023s ]
INFO: [ view_filter ] --END-- [ RunTime:0.004145s ]
INFO: 
INFO: 
INFO: 

[ 2016-05-25T12:52:28+08:00 ] 172.16.110.0 /
INFO: [ app_init ] --START--
INFO: Run Behavior\BuildLiteBehavior [ RunTime:0.000041s ]
INFO: [ app_init ] --END-- [ RunTime:0.003033s ]
INFO: [ app_begin ] --START--
INFO: Run Behavior\ReadHtmlCacheBehavior [ RunTime:0.012616s ]
INFO: [ app_begin ] --END-- [ RunTime:0.012888s ]
INFO: [ view_parse ] --START--
INFO: [ template_filter ] --START--
INFO: Run Behavior\ContentReplaceBehavior [ RunTime:0.000109s ]
INFO: [ template_filter ] --END-- [ RunTime:0.000336s ]
INFO: Run Behavior\ParseTemplateBehavior [ RunTime:0.066318s ]
INFO: [ view_parse ] --END-- [ RunTime:0.066611s ]
INFO: [ view_filter ] --START--
INFO: Run Behavior\WriteHtmlCacheBehavior [ RunTime:0.004059s ]
INFO: [ view_filter ] --END-- [ RunTime:0.004140s ]
INFO: 
INFO: 
INFO: 

[ 2016-05-25T13:06:49+08:00 ] 172.16.110.0 /
INFO: [ app_init ] --START--
INFO: Run Behavior\BuildLiteBehavior [ RunTime:0.000051s ]
INFO: [ app_init ] --END-- [ RunTime:0.003621s ]
INFO: [ app_begin ] --START--
INFO: Run Behavior\ReadHtmlCacheBehavior [ RunTime:0.004531s ]
INFO: [ app_begin ] --END-- [ RunTime:0.004709s ]
INFO: [ view_parse ] --START--
INFO: [ template_filter ] --START--
INFO: Run Behavior\ContentReplaceBehavior [ RunTime:0.000130s ]
INFO: [ template_filter ] --END-- [ RunTime:0.000242s ]
INFO: Run Behavior\ParseTemplateBehavior [ RunTime:0.039833s ]
INFO: [ view_parse ] --END-- [ RunTime:0.040082s ]
INFO: [ view_filter ] --START--
INFO: Run Behavior\WriteHtmlCacheBehavior [ RunTime:0.003000s ]
INFO: [ view_filter ] --END-- [ RunTime:0.003087s ]
INFO: [ app_end ] --START--
INFO: Run Behavior\ShowPageTraceBehavior [ RunTime:0.003661s ]
INFO: [ app_end ] --END-- [ RunTime:0.003756s ]

[ 2016-05-25T13:57:17+08:00 ] 172.16.110.0 /
INFO: [ app_init ] --START--
INFO: Run Behavior\BuildLiteBehavior [ RunTime:0.000047s ]
INFO: [ app_init ] --END-- [ RunTime:0.003976s ]
INFO: [ app_begin ] --START--
INFO: Run Behavior\ReadHtmlCacheBehavior [ RunTime:0.005074s ]
INFO: [ app_begin ] --END-- [ RunTime:0.005234s ]
INFO: [ view_parse ] --START--
INFO: [ template_filter ] --START--
INFO: Run Behavior\ContentReplaceBehavior [ RunTime:0.000126s ]
INFO: [ template_filter ] --END-- [ RunTime:0.000345s ]
INFO: Run Behavior\ParseTemplateBehavior [ RunTime:0.659100s ]
INFO: [ view_parse ] --END-- [ RunTime:0.659362s ]
INFO: [ view_filter ] --START--
INFO: Run Behavior\WriteHtmlCacheBehavior [ RunTime:0.004043s ]
INFO: [ view_filter ] --END-- [ RunTime:0.004178s ]
INFO: [ app_end ] --START--
INFO: Run Behavior\ShowPageTraceBehavior [ RunTime:0.004397s ]
INFO: [ app_end ] --END-- [ RunTime:0.004484s ]

[ 2016-05-25T14:58:21+08:00 ] 172.16.110.0 /
INFO: [ app_init ] --START--
INFO: Run Behavior\BuildLiteBehavior [ RunTime:0.000068s ]
INFO: [ app_init ] --END-- [ RunTime:0.004756s ]
INFO: [ app_begin ] --START--
INFO: Run Behavior\ReadHtmlCacheBehavior [ RunTime:0.005214s ]
INFO: [ app_begin ] --END-- [ RunTime:0.005424s ]
INFO: [ view_parse ] --START--
INFO: [ template_filter ] --START--
INFO: Run Behavior\ContentReplaceBehavior [ RunTime:0.000106s ]
INFO: [ template_filter ] --END-- [ RunTime:0.000310s ]
INFO: Run Behavior\ParseTemplateBehavior [ RunTime:0.078418s ]
INFO: [ view_parse ] --END-- [ RunTime:0.078690s ]
INFO: [ view_filter ] --START--
INFO: Run Behavior\WriteHtmlCacheBehavior [ RunTime:0.005451s ]
INFO: [ view_filter ] --END-- [ RunTime:0.005748s ]
INFO: [ app_end ] --START--
INFO: Run Behavior\ShowPageTraceBehavior [ RunTime:0.006280s ]
INFO: [ app_end ] --END-- [ RunTime:0.006421s ]

[ 2016-05-25T14:58:39+08:00 ] 172.16.110.0 /
INFO: [ app_init ] --START--
INFO: Run Behavior\BuildLiteBehavior [ RunTime:0.000065s ]
INFO: [ app_init ] --END-- [ RunTime:0.003676s ]
INFO: [ app_begin ] --START--
INFO: Run Behavior\ReadHtmlCacheBehavior [ RunTime:0.005349s ]
INFO: [ app_begin ] --END-- [ RunTime:0.005652s ]
INFO: [ view_parse ] --START--
INFO: [ template_filter ] --START--
INFO: Run Behavior\ContentReplaceBehavior [ RunTime:0.000147s ]
INFO: [ template_filter ] --END-- [ RunTime:0.000444s ]
INFO: Run Behavior\ParseTemplateBehavior [ RunTime:0.053509s ]
INFO: [ view_parse ] --END-- [ RunTime:0.053696s ]
INFO: [ view_filter ] --START--
INFO: Run Behavior\WriteHtmlCacheBehavior [ RunTime:0.004337s ]
INFO: [ view_filter ] --END-- [ RunTime:0.004453s ]
INFO: [ app_end ] --START--
INFO: Run Behavior\ShowPageTraceBehavior [ RunTime:0.004372s ]
INFO: [ app_end ] --END-- [ RunTime:0.004455s ]

