[ 2016-05-28T14:16:04+08:00 ] 172.16.110.0 /admin.php
INFO: [ app_init ] --START--
INFO: Run Behavior\BuildLiteBehavior [ RunTime:0.000054s ]
INFO: [ app_init ] --END-- [ RunTime:0.003969s ]
INFO: [ app_begin ] --START--
INFO: Run Behavior\ReadHtmlCacheBehavior [ RunTime:0.006322s ]
INFO: [ app_begin ] --END-- [ RunTime:0.006582s ]
NOTIC: [8] Undefined variable: module /data/webroot/ThinkPHP/Common/functions.php 第 990 行.
NOTIC: [8] Undefined variable: var /data/webroot/ThinkPHP/Common/functions.php 第 990 行.
NOTIC: [2] array_reverse() expects parameter 1 to be array, null given /data/webroot/ThinkPHP/Common/functions.php 第 990 行.
NOTIC: [2] http_build_query(): Parameter 1 expected to be Array or Object.  Incorrect value given /data/webroot/ThinkPHP/Common/functions.php 第 990 行.

[ 2016-05-28T14:16:04+08:00 ] 172.16.110.0 /admin.php?m=&&c=login
INFO: [ app_init ] --START--
INFO: Run Behavior\BuildLiteBehavior [ RunTime:0.000037s ]
INFO: [ app_init ] --END-- [ RunTime:0.003108s ]
INFO: [ app_begin ] --START--
INFO: Run Behavior\ReadHtmlCacheBehavior [ RunTime:0.004037s ]
INFO: [ app_begin ] --END-- [ RunTime:0.004248s ]
INFO: [ view_parse ] --START--
INFO: [ template_filter ] --START--
INFO: Run Behavior\ContentReplaceBehavior [ RunTime:0.000108s ]
INFO: [ template_filter ] --END-- [ RunTime:0.000271s ]
INFO: Run Behavior\ParseTemplateBehavior [ RunTime:0.257849s ]
INFO: [ view_parse ] --END-- [ RunTime:0.258109s ]
INFO: [ view_filter ] --START--
INFO: Run Behavior\WriteHtmlCacheBehavior [ RunTime:0.004346s ]
INFO: [ view_filter ] --END-- [ RunTime:0.004484s ]
INFO: [ app_end ] --START--
INFO: Run Behavior\ShowPageTraceBehavior [ RunTime:0.004561s ]
INFO: [ app_end ] --END-- [ RunTime:0.004707s ]

[ 2016-05-28T14:16:05+08:00 ] 172.16.110.0 /admin.php?m=&&c=login
INFO: [ app_init ] --START--
INFO: Run Behavior\BuildLiteBehavior [ RunTime:0.000046s ]
INFO: [ app_init ] --END-- [ RunTime:0.003113s ]
INFO: [ app_begin ] --START--
INFO: Run Behavior\ReadHtmlCacheBehavior [ RunTime:0.004816s ]
INFO: [ app_begin ] --END-- [ RunTime:0.005012s ]
INFO: [ view_parse ] --START--
INFO: [ template_filter ] --START--
INFO: Run Behavior\ContentReplaceBehavior [ RunTime:0.000238s ]
INFO: [ template_filter ] --END-- [ RunTime:0.000572s ]
INFO: Run Behavior\ParseTemplateBehavior [ RunTime:0.055187s ]
INFO: [ view_parse ] --END-- [ RunTime:0.055560s ]
INFO: [ view_filter ] --START--
INFO: Run Behavior\WriteHtmlCacheBehavior [ RunTime:0.004810s ]
INFO: [ view_filter ] --END-- [ RunTime:0.004918s ]
INFO: [ app_end ] --START--
INFO: Run Behavior\ShowPageTraceBehavior [ RunTime:0.004780s ]
INFO: [ app_end ] --END-- [ RunTime:0.004947s ]

[ 2016-05-28T14:16:12+08:00 ] 172.16.110.0 /admin.php?c=login&a=check
INFO: [ app_init ] --START--
INFO: Run Behavior\BuildLiteBehavior [ RunTime:0.000037s ]
INFO: [ app_init ] --END-- [ RunTime:0.003131s ]
INFO: [ app_begin ] --START--
INFO: Run Behavior\ReadHtmlCacheBehavior [ RunTime:0.004374s ]
INFO: [ app_begin ] --END-- [ RunTime:0.004554s ]
SQL: SHOW COLUMNS FROM `cms_admin` [ RunTime:0.0896s ]
SQL: SELECT * FROM `cms_admin` WHERE ( username="admin" ) LIMIT 1   [ RunTime:0.8813s ]

[ 2016-05-28T14:16:17+08:00 ] 172.16.110.0 /admin.php
INFO: [ app_init ] --START--
INFO: Run Behavior\BuildLiteBehavior [ RunTime:0.000055s ]
INFO: [ app_init ] --END-- [ RunTime:0.593987s ]
INFO: [ app_begin ] --START--
INFO: Run Behavior\ReadHtmlCacheBehavior [ RunTime:0.006709s ]
INFO: [ app_begin ] --END-- [ RunTime:0.006993s ]
INFO: [ view_parse ] --START--
INFO: [ template_filter ] --START--
INFO: Run Behavior\ContentReplaceBehavior [ RunTime:0.000204s ]
INFO: [ template_filter ] --END-- [ RunTime:0.000479s ]
NOTIC: [2048] Declaration of Common\Model\MenuModel::find() should be compatible with Think\Model::find($options = Array) /data/webroot/Application/Common/Model/MenuModel.class.php 第 10 行.
SQL: SHOW COLUMNS FROM `cms_menu` [ RunTime:0.0856s ]
SQL: SELECT * FROM `cms_menu` WHERE `status` <> -1 AND `type` = 1 ORDER BY listorder desc,menu_id desc  [ RunTime:0.0768s ]
INFO: Run Behavior\ParseTemplateBehavior [ RunTime:0.744413s ]
INFO: [ view_parse ] --END-- [ RunTime:0.745260s ]
INFO: [ view_filter ] --START--
INFO: Run Behavior\WriteHtmlCacheBehavior [ RunTime:0.013425s ]
INFO: [ view_filter ] --END-- [ RunTime:0.013996s ]
INFO: [ app_end ] --START--
INFO: Run Behavior\ShowPageTraceBehavior [ RunTime:0.010431s ]
INFO: [ app_end ] --END-- [ RunTime:0.010533s ]

[ 2016-05-28T14:17:01+08:00 ] 172.16.110.0 /admin.php?c=menu
INFO: [ app_init ] --START--
INFO: Run Behavior\BuildLiteBehavior [ RunTime:0.000077s ]
INFO: [ app_init ] --END-- [ RunTime:0.357346s ]
INFO: [ app_begin ] --START--
INFO: Run Behavior\ReadHtmlCacheBehavior [ RunTime:0.058296s ]
INFO: [ app_begin ] --END-- [ RunTime:0.058474s ]
NOTIC: [2048] Declaration of Admin\Controller\MenuController::setStatus() should be compatible with Admin\Controller\CommonController::setStatus($data, $models) /data/webroot/Application/Admin/Controller/MenuController.class.php 第 12 行.
NOTIC: [8] Undefined index: p /data/webroot/Application/Admin/Controller/MenuController.class.php 第 25 行.
NOTIC: [8] Undefined index: pageSize /data/webroot/Application/Admin/Controller/MenuController.class.php 第 26 行.
NOTIC: [2048] Declaration of Common\Model\MenuModel::find() should be compatible with Think\Model::find($options = Array) /data/webroot/Application/Common/Model/MenuModel.class.php 第 10 行.
SQL: SHOW COLUMNS FROM `cms_menu` [ RunTime:0.0919s ]
SQL: SELECT * FROM `cms_menu` WHERE `status` <> -1 ORDER BY listorder desc,menu_id desc LIMIT 0,5   [ RunTime:0.0563s ]
SQL: SELECT COUNT(*) AS tp_count FROM `cms_menu` WHERE `status` <> -1 LIMIT 1   [ RunTime:0.0508s ]
INFO: [ view_parse ] --START--
INFO: [ template_filter ] --START--
INFO: Run Behavior\ContentReplaceBehavior [ RunTime:0.001107s ]
INFO: [ template_filter ] --END-- [ RunTime:0.001260s ]
SQL: SELECT * FROM `cms_menu` WHERE `status` <> -1 AND `type` = 1 ORDER BY listorder desc,menu_id desc  [ RunTime:0.0823s ]
NOTIC: [8] Array to string conversion /data/webroot/Application/Runtime/Cache/Admin/b956215329b6f9aca22277599a4efdfc.php 第 100 行.
INFO: Run Behavior\ParseTemplateBehavior [ RunTime:1.047104s ]
INFO: [ view_parse ] --END-- [ RunTime:1.047280s ]
INFO: [ view_filter ] --START--
INFO: Run Behavior\WriteHtmlCacheBehavior [ RunTime:0.009432s ]
INFO: [ view_filter ] --END-- [ RunTime:0.009596s ]
INFO: [ app_end ] --START--
INFO: Run Behavior\ShowPageTraceBehavior [ RunTime:0.004822s ]
INFO: [ app_end ] --END-- [ RunTime:0.004977s ]

[ 2016-05-28T14:17:05+08:00 ] 172.16.110.0 /admin.php?c=content
INFO: [ app_init ] --START--
INFO: Run Behavior\BuildLiteBehavior [ RunTime:0.000061s ]
INFO: [ app_init ] --END-- [ RunTime:0.009843s ]
INFO: [ app_begin ] --START--
INFO: Run Behavior\ReadHtmlCacheBehavior [ RunTime:0.006027s ]
INFO: [ app_begin ] --END-- [ RunTime:0.006300s ]
NOTIC: [2048] Declaration of Admin\Controller\ContentController::setStatus() should be compatible with Admin\Controller\CommonController::setStatus($data, $models) /data/webroot/Application/Admin/Controller/ContentController.class.php 第 12 行.
NOTIC: [8] Undefined index: title /data/webroot/Application/Admin/Controller/ContentController.class.php 第 16 行.
NOTIC: [8] Undefined index: catid /data/webroot/Application/Admin/Controller/ContentController.class.php 第 20 行.
NOTIC: [8] Undefined index: p /data/webroot/Application/Admin/Controller/ContentController.class.php 第 23 行.
NOTIC: [2048] Declaration of Common\Model\NewsModel::find() should be compatible with Think\Model::find($options = Array) /data/webroot/Application/Common/Model/NewsModel.class.php 第 11 行.
SQL: SHOW COLUMNS FROM `cms_news` [ RunTime:0.0943s ]
SQL: SELECT * FROM `cms_news` WHERE `status` <> -1 ORDER BY listorder desc,news_id desc LIMIT 0,3   [ RunTime:0.0619s ]
SQL: SELECT COUNT(*) AS tp_count FROM `cms_news` WHERE `status` <> -1 LIMIT 1   [ RunTime:0.0509s ]
NOTIC: [2048] Declaration of Common\Model\PositionModel::add() should be compatible with Think\Model::add($data = '', $options = Array, $replace = false) /data/webroot/Application/Common/Model/PositionModel.class.php 第 66 行.
NOTIC: [2048] Declaration of Common\Model\PositionModel::find() should be compatible with Think\Model::find($options = Array) /data/webroot/Application/Common/Model/PositionModel.class.php 第 66 行.
SQL: SHOW COLUMNS FROM `cms_position` [ RunTime:0.1241s ]
SQL: SELECT * FROM `cms_position` WHERE `status` <> -1  [ RunTime:0.1026s ]
NOTIC: [2048] Declaration of Common\Model\MenuModel::find() should be compatible with Think\Model::find($options = Array) /data/webroot/Application/Common/Model/MenuModel.class.php 第 97 行.
SQL: SHOW COLUMNS FROM `cms_menu` [ RunTime:0.0900s ]
SQL: SELECT * FROM `cms_menu` WHERE `status` <> -1 AND `type` = 0 ORDER BY listorder desc,menu_id desc  [ RunTime:0.0562s ]
NOTIC: [8] Undefined index: title /data/webroot/Application/Admin/Controller/ContentController.class.php 第 37 行.
NOTIC: [8] Undefined index: catid /data/webroot/Application/Admin/Controller/ContentController.class.php 第 38 行.
INFO: [ view_parse ] --START--
INFO: [ template_filter ] --START--
INFO: Run Behavior\ContentReplaceBehavior [ RunTime:0.001650s ]
INFO: [ template_filter ] --END-- [ RunTime:0.003878s ]
SQL: SELECT * FROM `cms_menu` WHERE `status` <> -1 AND `type` = 1 ORDER BY listorder desc,menu_id desc  [ RunTime:0.0694s ]
INFO: Run Behavior\ParseTemplateBehavior [ RunTime:0.673723s ]
INFO: [ view_parse ] --END-- [ RunTime:0.674183s ]
INFO: [ view_filter ] --START--
INFO: Run Behavior\WriteHtmlCacheBehavior [ RunTime:0.011436s ]
INFO: [ view_filter ] --END-- [ RunTime:0.011666s ]
INFO: [ app_end ] --START--
INFO: Run Behavior\ShowPageTraceBehavior [ RunTime:0.007677s ]
INFO: [ app_end ] --END-- [ RunTime:0.007850s ]

[ 2016-05-28T14:17:08+08:00 ] 172.16.110.0 /admin.php?c=menu
INFO: [ app_init ] --START--
INFO: Run Behavior\BuildLiteBehavior [ RunTime:0.000060s ]
INFO: [ app_init ] --END-- [ RunTime:0.006230s ]
INFO: [ app_begin ] --START--
INFO: Run Behavior\ReadHtmlCacheBehavior [ RunTime:0.004295s ]
INFO: [ app_begin ] --END-- [ RunTime:0.004460s ]
NOTIC: [2048] Declaration of Admin\Controller\MenuController::setStatus() should be compatible with Admin\Controller\CommonController::setStatus($data, $models) /data/webroot/Application/Admin/Controller/MenuController.class.php 第 12 行.
NOTIC: [8] Undefined index: p /data/webroot/Application/Admin/Controller/MenuController.class.php 第 25 行.
NOTIC: [8] Undefined index: pageSize /data/webroot/Application/Admin/Controller/MenuController.class.php 第 26 行.
NOTIC: [2048] Declaration of Common\Model\MenuModel::find() should be compatible with Think\Model::find($options = Array) /data/webroot/Application/Common/Model/MenuModel.class.php 第 10 行.
SQL: SHOW COLUMNS FROM `cms_menu` [ RunTime:0.0833s ]
SQL: SELECT * FROM `cms_menu` WHERE `status` <> -1 ORDER BY listorder desc,menu_id desc LIMIT 0,5   [ RunTime:0.0656s ]
SQL: SELECT COUNT(*) AS tp_count FROM `cms_menu` WHERE `status` <> -1 LIMIT 1   [ RunTime:0.0619s ]
INFO: [ view_parse ] --START--
INFO: [ template_filter ] --START--
INFO: Run Behavior\ContentReplaceBehavior [ RunTime:0.001275s ]
INFO: [ template_filter ] --END-- [ RunTime:0.001570s ]
SQL: SELECT * FROM `cms_menu` WHERE `status` <> -1 AND `type` = 1 ORDER BY listorder desc,menu_id desc  [ RunTime:0.0626s ]
NOTIC: [8] Array to string conversion /data/webroot/Application/Runtime/Cache/Admin/b956215329b6f9aca22277599a4efdfc.php 第 100 行.
INFO: Run Behavior\ParseTemplateBehavior [ RunTime:0.894760s ]
INFO: [ view_parse ] --END-- [ RunTime:0.894940s ]
INFO: [ view_filter ] --START--
INFO: Run Behavior\WriteHtmlCacheBehavior [ RunTime:0.011961s ]
INFO: [ view_filter ] --END-- [ RunTime:0.012107s ]
INFO: [ app_end ] --START--
INFO: Run Behavior\ShowPageTraceBehavior [ RunTime:0.007155s ]
INFO: [ app_end ] --END-- [ RunTime:0.007461s ]

[ 2016-05-28T14:17:12+08:00 ] 172.16.110.0 /admin.php?c=position
INFO: [ app_init ] --START--
INFO: Run Behavior\BuildLiteBehavior [ RunTime:0.000057s ]
INFO: [ app_init ] --END-- [ RunTime:0.006639s ]
INFO: [ app_begin ] --START--
INFO: Run Behavior\ReadHtmlCacheBehavior [ RunTime:0.238071s ]
INFO: [ app_begin ] --END-- [ RunTime:0.238612s ]
NOTIC: [2048] Declaration of Admin\Controller\PositionController::setStatus() should be compatible with Admin\Controller\CommonController::setStatus($data, $models) /data/webroot/Application/Admin/Controller/PositionController.class.php 第 12 行.
NOTIC: [8] Undefined index: p /data/webroot/Application/Admin/Controller/PositionController.class.php 第 14 行.
NOTIC: [8] Undefined index: pageSize /data/webroot/Application/Admin/Controller/PositionController.class.php 第 15 行.
NOTIC: [2048] Declaration of Common\Model\PositionModel::add() should be compatible with Think\Model::add($data = '', $options = Array, $replace = false) /data/webroot/Application/Common/Model/PositionModel.class.php 第 11 行.
NOTIC: [2048] Declaration of Common\Model\PositionModel::find() should be compatible with Think\Model::find($options = Array) /data/webroot/Application/Common/Model/PositionModel.class.php 第 11 行.
SQL: SHOW COLUMNS FROM `cms_position` [ RunTime:0.0893s ]
SQL: SELECT * FROM `cms_position` WHERE `status` <> -1 ORDER BY id desc LIMIT 0,3   [ RunTime:0.0531s ]
SQL: SELECT COUNT(*) AS tp_count FROM `cms_position` WHERE `status` <> -1 LIMIT 1   [ RunTime:0.0711s ]
INFO: [ view_parse ] --START--
INFO: [ template_filter ] --START--
INFO: Run Behavior\ContentReplaceBehavior [ RunTime:0.001404s ]
INFO: [ template_filter ] --END-- [ RunTime:0.002465s ]
NOTIC: [2048] Declaration of Common\Model\MenuModel::find() should be compatible with Think\Model::find($options = Array) /data/webroot/Application/Common/Model/MenuModel.class.php 第 97 行.
SQL: SHOW COLUMNS FROM `cms_menu` [ RunTime:0.1153s ]
SQL: SELECT * FROM `cms_menu` WHERE `status` <> -1 AND `type` = 1 ORDER BY listorder desc,menu_id desc  [ RunTime:0.0887s ]
INFO: Run Behavior\ParseTemplateBehavior [ RunTime:0.864167s ]
INFO: [ view_parse ] --END-- [ RunTime:0.864986s ]
INFO: [ view_filter ] --START--
INFO: Run Behavior\WriteHtmlCacheBehavior [ RunTime:0.007112s ]
INFO: [ view_filter ] --END-- [ RunTime:0.007596s ]
INFO: [ app_end ] --START--
INFO: Run Behavior\ShowPageTraceBehavior [ RunTime:0.006404s ]
INFO: [ app_end ] --END-- [ RunTime:0.006582s ]

[ 2016-05-28T14:17:13+08:00 ] 172.16.110.0 /admin.php?c=admin
INFO: [ app_init ] --START--
INFO: Run Behavior\BuildLiteBehavior [ RunTime:0.000854s ]
INFO: [ app_init ] --END-- [ RunTime:0.087759s ]
INFO: [ app_begin ] --START--
INFO: Run Behavior\ReadHtmlCacheBehavior [ RunTime:0.005916s ]
INFO: [ app_begin ] --END-- [ RunTime:0.006065s ]
ERR: 无法加载控制器:Admin

[ 2016-05-28T14:17:19+08:00 ] 172.16.110.0 /admin.php?c=positioncontent
INFO: [ app_init ] --START--
INFO: Run Behavior\BuildLiteBehavior [ RunTime:0.000056s ]
INFO: [ app_init ] --END-- [ RunTime:0.008524s ]
INFO: [ app_begin ] --START--
INFO: Run Behavior\ReadHtmlCacheBehavior [ RunTime:0.002999s ]
INFO: [ app_begin ] --END-- [ RunTime:0.003101s ]
NOTIC: [2048] Declaration of Admin\Controller\PositioncontentController::setStatus() should be compatible with Admin\Controller\CommonController::setStatus($data, $models) /data/webroot/Application/Admin/Controller/PositioncontentController.class.php 第 12 行.
NOTIC: [2048] Declaration of Common\Model\PositionModel::add() should be compatible with Think\Model::add($data = '', $options = Array, $replace = false) /data/webroot/Application/Common/Model/PositionModel.class.php 第 11 行.
NOTIC: [2048] Declaration of Common\Model\PositionModel::find() should be compatible with Think\Model::find($options = Array) /data/webroot/Application/Common/Model/PositionModel.class.php 第 11 行.
SQL: SHOW COLUMNS FROM `cms_position` [ RunTime:0.1014s ]
SQL: SELECT * FROM `cms_position` WHERE `status` <> -1  [ RunTime:0.0596s ]
NOTIC: [8] Undefined index: title /data/webroot/Application/Admin/Controller/PositioncontentController.class.php 第 17 行.
NOTIC: [8] Undefined index: position_id /data/webroot/Application/Admin/Controller/PositioncontentController.class.php 第 21 行.
NOTIC: [8] Undefined index: p /data/webroot/Application/Admin/Controller/PositioncontentController.class.php 第 22 行.
NOTIC: [8] Undefined index: pageSize /data/webroot/Application/Admin/Controller/PositioncontentController.class.php 第 23 行.
NOTIC: [2048] Declaration of Common\Model\PositionContentModel::find() should be compatible with Think\Model::find($options = Array) /data/webroot/Application/Common/Model/PositionContentModel.class.php 第 72 行.
SQL: SHOW COLUMNS FROM `cms_position_content` [ RunTime:0.1969s ]
NOTIC: [8] Undefined index: title /data/webroot/Application/Common/Model/PositionContentModel.class.php 第 27 行.
SQL: SELECT * FROM `cms_position_content` WHERE `status` <> -1 AND `position_id` = 2 ORDER BY listorder desc,id desc LIMIT 0,3   [ RunTime:0.1028s ]
NOTIC: [8] Undefined index: title /data/webroot/Application/Common/Model/PositionContentModel.class.php 第 36 行.
SQL: SELECT COUNT(*) AS tp_count FROM `cms_position_content` WHERE `status` <> -1 AND `position_id` = 2 LIMIT 1   [ RunTime:0.0711s ]
INFO: [ view_parse ] --START--
INFO: [ template_filter ] --START--
INFO: Run Behavior\ContentReplaceBehavior [ RunTime:0.001798s ]
INFO: [ template_filter ] --END-- [ RunTime:0.006020s ]
NOTIC: [2048] Declaration of Common\Model\MenuModel::find() should be compatible with Think\Model::find($options = Array) /data/webroot/Application/Common/Model/MenuModel.class.php 第 97 行.
SQL: SHOW COLUMNS FROM `cms_menu` [ RunTime:0.0896s ]
SQL: SELECT * FROM `cms_menu` WHERE `status` <> -1 AND `type` = 1 ORDER BY listorder desc,menu_id desc  [ RunTime:0.0446s ]
NOTIC: [8] Undefined variable: title /data/webroot/Application/Runtime/Cache/Admin/b8a8b9d170e6c07d7b463ea02385894d.php 第 120 行.
INFO: Run Behavior\ParseTemplateBehavior [ RunTime:0.764420s ]
INFO: [ view_parse ] --END-- [ RunTime:0.764638s ]
INFO: [ view_filter ] --START--
INFO: Run Behavior\WriteHtmlCacheBehavior [ RunTime:0.007356s ]
INFO: [ view_filter ] --END-- [ RunTime:0.007522s ]
INFO: [ app_end ] --START--
INFO: Run Behavior\ShowPageTraceBehavior [ RunTime:0.005246s ]
INFO: [ app_end ] --END-- [ RunTime:0.005507s ]

